#
# There is insufficient memory for the Java Runtime Environment to continue.
# Native memory allocation (malloc) failed to allocate 1048576 bytes for AllocateHeap
# Possible reasons:
#   The system is out of physical RAM or swap space
#   The process is running with CompressedOops enabled, and the Java Heap may be blocking the growth of the native heap
# Possible solutions:
#   Reduce memory load on the system
#   Increase physical memory or swap space
#   Check if swap backing store is full
#   Decrease Java heap size (-Xmx/-Xms)
#   Decrease number of Java threads
#   Decrease Java thread stack sizes (-Xss)
#   Set larger code cache with -XX:ReservedCodeCacheSize=
#   JVM is running with Unscaled Compressed Oops mode in which the Java heap is
#     placed in the first 4GB address space. The Java Heap base address is the
#     maximum limit for the native heap growth. Please use -XX:HeapBaseMinAddress
#     to set the Java Heap base and to place the Java Heap above 4GB virtual address.
# This output file may be truncated or incomplete.
#
#  Out of Memory Error (allocation.cpp:44), pid=24348, tid=17872
#
# JRE version: OpenJDK Runtime Environment Temurin-17.0.6+10 (17.0.6+10) (build 17.0.6+10)
# Java VM: OpenJDK 64-Bit Server VM Temurin-17.0.6+10 (17.0.6+10, mixed mode, emulated-client, tiered, compressed oops, compressed class ptrs, g1 gc, windows-amd64)
# No core dump will be written. Minidumps are not enabled by default on client versions of Windows
#

---------------  S U M M A R Y ------------

Command Line: -XX:+HeapDumpOnOutOfMemoryError -Xmx1024m -Dsts.lsp.client=vscode -Dsts.log.file=/dev/null -XX:TieredStopAtLevel=1 -Xlog:jni+resolve=off -Dspring.config.location=file:c:\Users\nguyen huu tri\.vscode\extensions\vmware.vscode-spring-boot-1.45.0\language-server\BOOT-INF\classes\application.properties org.springframework.ide.vscode.boot.app.BootLanguageServerBootApp

Host: Intel(R) Core(TM) i5-8250U CPU @ 1.60GHz, 8 cores, 7G,  Windows 11 , 64 bit Build 22621 (10.0.22621.1344)
Time: Thu Apr  6 19:58:10 2023 SE Asia Standard Time elapsed time: 4009.093378 seconds (0d 1h 6m 49s)

---------------  T H R E A D  ---------------

Current thread (0x0000019ab152ad40):  VMThread "VM Thread" [stack: 0x00000080fab00000,0x00000080fac00000] [id=17872]

Stack: [0x00000080fab00000,0x00000080fac00000]
Native frames: (J=compiled Java code, j=interpreted, Vv=VM code, C=native code)
V  [jvm.dll+0x67741a]
V  [jvm.dll+0x834434]
V  [jvm.dll+0x835bde]
V  [jvm.dll+0x836243]
V  [jvm.dll+0x2457b5]
V  [jvm.dll+0xa626f]
V  [jvm.dll+0x2f5ad3]
V  [jvm.dll+0x2f17e0]
V  [jvm.dll+0x2d9ee7]
V  [jvm.dll+0x31ce67]
V  [jvm.dll+0x83a6eb]
V  [jvm.dll+0x83b424]
V  [jvm.dll+0x83b93c]
V  [jvm.dll+0x83bd14]
V  [jvm.dll+0x83bde0]
V  [jvm.dll+0x7e483a]
V  [jvm.dll+0x6762c5]
C  [ucrtbase.dll+0x29363]
C  [KERNEL32.DLL+0x126bd]
C  [ntdll.dll+0x5a9f8]

VM_Operation (0x00000080fc4fe950): G1CollectFull, mode: safepoint, requested by thread 0x0000019ab3be5810


---------------  P R O C E S S  ---------------

Threads class SMR info:
_java_thread_list=0x0000019ac061f530, length=29, elements={
0x0000019ab153f380, 0x0000019ab1541c50, 0x0000019ab201e010, 0x0000019ab201e8d0,
0x0000019ab15679d0, 0x0000019ab1568290, 0x0000019ab1568b50, 0x0000019ab156bc00,
0x0000019ab221a7e0, 0x0000019ab221be70, 0x0000019ab3d22460, 0x0000019ab3be5340,
0x0000019ab3be5810, 0x0000019ab3d717f0, 0x0000019aa6724db0, 0x0000019ab3df3020,
0x0000019ab2a37de0, 0x0000019ab2a30aa0, 0x0000019ab3ef8460, 0x0000019ab3efa610,
0x0000019ab3efaae0, 0x0000019ab2a30100, 0x0000019ab2a305d0, 0x0000019ab2a30f70,
0x0000019ab3efbe20, 0x0000019ab3efcc90, 0x0000019ab3ef8e00, 0x0000019ab3ef97a0,
0x0000019ab6bb9060
}

Java Threads: ( => current thread )
  0x0000019ab153f380 JavaThread "Reference Handler" daemon [_thread_blocked, id=13192, stack(0x00000080fac00000,0x00000080fad00000)]
  0x0000019ab1541c50 JavaThread "Finalizer" daemon [_thread_blocked, id=2828, stack(0x00000080fad00000,0x00000080fae00000)]
  0x0000019ab201e010 JavaThread "Signal Dispatcher" daemon [_thread_blocked, id=9220, stack(0x00000080fae00000,0x00000080faf00000)]
  0x0000019ab201e8d0 JavaThread "Attach Listener" daemon [_thread_blocked, id=4088, stack(0x00000080faf00000,0x00000080fb000000)]
  0x0000019ab15679d0 JavaThread "Service Thread" daemon [_thread_blocked, id=20504, stack(0x00000080fb000000,0x00000080fb100000)]
  0x0000019ab1568290 JavaThread "Monitor Deflation Thread" daemon [_thread_blocked, id=6548, stack(0x00000080fb100000,0x00000080fb200000)]
  0x0000019ab1568b50 JavaThread "C1 CompilerThread0" daemon [_thread_blocked, id=23272, stack(0x00000080fb200000,0x00000080fb300000)]
  0x0000019ab156bc00 JavaThread "Sweeper thread" daemon [_thread_blocked, id=8428, stack(0x00000080fb300000,0x00000080fb400000)]
  0x0000019ab221a7e0 JavaThread "Notification Thread" daemon [_thread_blocked, id=16452, stack(0x00000080fb500000,0x00000080fb600000)]
  0x0000019ab221be70 JavaThread "Common-Cleaner" daemon [_thread_blocked, id=26188, stack(0x00000080fb700000,0x00000080fb800000)]
  0x0000019ab3d22460 JavaThread "boundedElastic-evictor-1" daemon [_thread_blocked, id=20564, stack(0x00000080fbf00000,0x00000080fc000000)]
  0x0000019ab3be5340 JavaThread "boundedElastic-evictor-2" daemon [_thread_blocked, id=28572, stack(0x00000080fc300000,0x00000080fc400000)]
  0x0000019ab3be5810 JavaThread "pool-10-thread-1" [_thread_blocked, id=18440, stack(0x00000080fc400000,0x00000080fc500000)]
  0x0000019ab3d717f0 JavaThread "LanguageServerApp-lifecycle" [_thread_blocked, id=9180, stack(0x00000080fc500000,0x00000080fc600000)]
  0x0000019aa6724db0 JavaThread "DestroyJavaVM" [_thread_blocked, id=14812, stack(0x00000080fa500000,0x00000080fa600000)]
  0x0000019ab3df3020 JavaThread "pool-11-thread-1" [_thread_in_native, id=25240, stack(0x00000080fc600000,0x00000080fc700000)]
  0x0000019ab2a37de0 JavaThread "Simple-Language-Server main thread" daemon [_thread_blocked, id=10596, stack(0x00000080fc700000,0x00000080fc800000)]
  0x0000019ab2a30aa0 JavaThread "pool-6-thread-1" [_thread_blocked, id=27388, stack(0x00000080fc900000,0x00000080fca00000)]
  0x0000019ab3ef8460 JavaThread "parallel-1" daemon [_thread_blocked, id=11116, stack(0x00000080fd900000,0x00000080fda00000)]
  0x0000019ab3efa610 JavaThread "pool-4-thread-1" [_thread_blocked, id=988, stack(0x00000080fdf00000,0x00000080fe000000)]
  0x0000019ab3efaae0 JavaThread "parallel-2" daemon [_thread_blocked, id=7832, stack(0x00000080fe000000,0x00000080fe100000)]
  0x0000019ab2a30100 JavaThread "parallel-3" daemon [_thread_blocked, id=16464, stack(0x00000080fcd00000,0x00000080fce00000)]
  0x0000019ab2a305d0 JavaThread "parallel-4" daemon [_thread_blocked, id=18792, stack(0x00000080fce00000,0x00000080fcf00000)]
  0x0000019ab2a30f70 JavaThread "Reconciler-1" daemon [_thread_blocked, id=25884, stack(0x00000080fcf00000,0x00000080fd000000)]
  0x0000019ab3efbe20 JavaThread "parallel-5" daemon [_thread_blocked, id=19140, stack(0x00000080fa300000,0x00000080fa400000)]
  0x0000019ab3efcc90 JavaThread "parallel-6" daemon [_thread_blocked, id=24368, stack(0x00000080fca00000,0x00000080fcb00000)]
  0x0000019ab3ef8e00 JavaThread "parallel-7" daemon [_thread_blocked, id=22928, stack(0x00000080fc800000,0x00000080fc900000)]
  0x0000019ab3ef97a0 JavaThread "parallel-8" daemon [_thread_blocked, id=26476, stack(0x00000080fc100000,0x00000080fc200000)]
  0x0000019ab6bb9060 JavaThread "ForkJoinPool.commonPool-worker-24" daemon [_thread_blocked, id=27076, stack(0x00000080fc000000,0x00000080fc100000)]

Other Threads:
=>0x0000019ab152ad40 VMThread "VM Thread" [stack: 0x00000080fab00000,0x00000080fac00000] [id=17872]
  0x0000019aa67739e0 WatcherThread [stack: 0x00000080fb600000,0x00000080fb700000] [id=20732]
  0x0000019aa67632f0 GCTaskThread "GC Thread#0" [stack: 0x00000080fa600000,0x00000080fa700000] [id=27820]
  0x0000019ab2be5e70 GCTaskThread "GC Thread#1" [stack: 0x00000080fb800000,0x00000080fb900000] [id=23348]
  0x0000019ab2be6120 GCTaskThread "GC Thread#2" [stack: 0x00000080fb900000,0x00000080fba00000] [id=16620]
  0x0000019ab3414fe0 GCTaskThread "GC Thread#3" [stack: 0x00000080fba00000,0x00000080fbb00000] [id=20144]
  0x0000019ab34192a0 GCTaskThread "GC Thread#4" [stack: 0x00000080fbb00000,0x00000080fbc00000] [id=10824]
  0x0000019ab364d090 GCTaskThread "GC Thread#5" [stack: 0x00000080fbc00000,0x00000080fbd00000] [id=3768]
  0x0000019ab364d340 GCTaskThread "GC Thread#6" [stack: 0x00000080fbd00000,0x00000080fbe00000] [id=10868]
  0x0000019ab364d5f0 GCTaskThread "GC Thread#7" [stack: 0x00000080fbe00000,0x00000080fbf00000] [id=21844]
  0x0000019aa676c140 ConcurrentGCThread "G1 Main Marker" [stack: 0x00000080fa700000,0x00000080fa800000] [id=14332]
  0x0000019aa676e970 ConcurrentGCThread "G1 Conc#0" [stack: 0x00000080fa800000,0x00000080fa900000] [id=5160]
  0x0000019ab37fe460 ConcurrentGCThread "G1 Conc#1" [stack: 0x00000080fc200000,0x00000080fc300000] [id=8576]
  0x0000019aa67cd8e0 ConcurrentGCThread "G1 Refine#0" [stack: 0x00000080fa900000,0x00000080faa00000] [id=21908]
  0x0000019ab3c82df0 ConcurrentGCThread "G1 Refine#1" [stack: 0x00000080fde00000,0x00000080fdf00000] [id=12044]
  0x0000019ab3c83c50 ConcurrentGCThread "G1 Refine#2" [stack: 0x00000080fe400000,0x00000080fe500000] [id=28148]
  0x0000019ab3c82830 ConcurrentGCThread "G1 Refine#3" [stack: 0x00000080fe700000,0x00000080fe800000] [id=8200]
  0x0000019ab3c82b10 ConcurrentGCThread "G1 Refine#4" [stack: 0x00000080fe800000,0x00000080fe900000] [id=25812]
  0x0000019ab29f81d0 ConcurrentGCThread "G1 Refine#5" [stack: 0x00000080fcb00000,0x00000080fcc00000] [id=12868]
  0x0000019ab29f6230 ConcurrentGCThread "G1 Refine#6" [stack: 0x00000080fcc00000,0x00000080fcd00000] [id=8452]
  0x0000019aa67ce270 ConcurrentGCThread "G1 Service" [stack: 0x00000080faa00000,0x00000080fab00000] [id=19064]

Threads with active compile tasks:

VM state: at safepoint (normal execution)

VM Mutex/Monitor currently owned by a thread:  ([mutex/lock_event])
[0x0000019aa456b2f0] Threads_lock - owner thread: 0x0000019ab152ad40
[0x0000019aa6723780] Heap_lock - owner thread: 0x0000019ab3be5810

Heap address: 0x00000000c0000000, size: 1024 MB, Compressed Oops mode: 32-bit

CDS archive(s) not mapped
Compressed class space mapped at: 0x0000000100000000-0x0000000140000000, reserved size: 1073741824
Narrow klass base: 0x0000000000000000, Narrow klass shift: 3, Narrow klass range: 0x140000000

GC Precious Log:
 CPUs: 8 total, 8 available
 Memory: 8052M
 Large Page Support: Disabled
 NUMA Support: Disabled
 Compressed Oops: Enabled (32-bit)
 Heap Region Size: 1M
 Heap Min Capacity: 8M
 Heap Initial Capacity: 126M
 Heap Max Capacity: 1G
 Pre-touch: Disabled
 Parallel Workers: 8
 Concurrent Workers: 2
 Concurrent Refinement Workers: 8
 Periodic GC: Disabled

Heap:
 garbage-first heap   total 304128K, used 90934K [0x00000000c0000000, 0x0000000100000000)
  region size 1024K, 1 young (1024K), 0 survivors (0K)
 Metaspace       used 72101K, committed 72640K, reserved 1114112K
  class space    used 9916K, committed 10176K, reserved 1048576K

Heap Regions: E=young(eden), S=young(survivor), O=old, HS=humongous(starts), HC=humongous(continues), CS=collection set, F=free, OA=open archive, CA=closed archive, TAMS=top-at-mark-start (previous, next)
|   0|0x00000000c0000000, 0x00000000c00ffff8, 0x00000000c0100000| 99%| O|  |TAMS 0x00000000c00ffff8, 0x00000000c0000000| Untracked 
|   1|0x00000000c0100000, 0x00000000c01fffd8, 0x00000000c0200000| 99%| O|  |TAMS 0x00000000c01fffd8, 0x00000000c0100000| Untracked 
|   2|0x00000000c0200000, 0x00000000c0300000, 0x00000000c0300000|100%| O|  |TAMS 0x00000000c0300000, 0x00000000c0200000| Untracked 
|   3|0x00000000c0300000, 0x00000000c0400000, 0x00000000c0400000|100%| O|  |TAMS 0x00000000c0400000, 0x00000000c0300000| Untracked 
|   4|0x00000000c0400000, 0x00000000c04ffff8, 0x00000000c0500000| 99%| O|  |TAMS 0x00000000c04ffff8, 0x00000000c0400000| Untracked 
|   5|0x00000000c0500000, 0x00000000c0600000, 0x00000000c0600000|100%| O|  |TAMS 0x00000000c0600000, 0x00000000c0500000| Untracked 
|   6|0x00000000c0600000, 0x00000000c0700000, 0x00000000c0700000|100%| O|  |TAMS 0x00000000c0700000, 0x00000000c0600000| Untracked 
|   7|0x00000000c0700000, 0x00000000c07fffe8, 0x00000000c0800000| 99%| O|  |TAMS 0x00000000c07fffe8, 0x00000000c0700000| Untracked 
|   8|0x00000000c0800000, 0x00000000c0900000, 0x00000000c0900000|100%| O|  |TAMS 0x00000000c0900000, 0x00000000c0800000| Untracked 
|   9|0x00000000c0900000, 0x00000000c09fff08, 0x00000000c0a00000| 99%| O|  |TAMS 0x00000000c09fff08, 0x00000000c0900000| Untracked 
|  10|0x00000000c0a00000, 0x00000000c0afffe0, 0x00000000c0b00000| 99%| O|  |TAMS 0x00000000c0afffe0, 0x00000000c0a00000| Untracked 
|  11|0x00000000c0b00000, 0x00000000c0bfffe0, 0x00000000c0c00000| 99%| O|  |TAMS 0x00000000c0bfffe0, 0x00000000c0b00000| Untracked 
|  12|0x00000000c0c00000, 0x00000000c0cffff8, 0x00000000c0d00000| 99%| O|  |TAMS 0x00000000c0cffff8, 0x00000000c0c00000| Untracked 
|  13|0x00000000c0d00000, 0x00000000c0dfffd8, 0x00000000c0e00000| 99%| O|  |TAMS 0x00000000c0dfffd8, 0x00000000c0d00000| Untracked 
|  14|0x00000000c0e00000, 0x00000000c0effff0, 0x00000000c0f00000| 99%| O|  |TAMS 0x00000000c0effff0, 0x00000000c0e00000| Untracked 
|  15|0x00000000c0f00000, 0x00000000c0ffffe8, 0x00000000c1000000| 99%| O|  |TAMS 0x00000000c0ffffe8, 0x00000000c0f00000| Untracked 
|  16|0x00000000c1000000, 0x00000000c10fffb8, 0x00000000c1100000| 99%| O|  |TAMS 0x00000000c10fffb8, 0x00000000c1000000| Untracked 
|  17|0x00000000c1100000, 0x00000000c11ffff0, 0x00000000c1200000| 99%| O|  |TAMS 0x00000000c11ffff0, 0x00000000c1100000| Untracked 
|  18|0x00000000c1200000, 0x00000000c12ffff8, 0x00000000c1300000| 99%| O|  |TAMS 0x00000000c12ffff8, 0x00000000c1200000| Untracked 
|  19|0x00000000c1300000, 0x00000000c13fffe0, 0x00000000c1400000| 99%| O|  |TAMS 0x00000000c13fffe0, 0x00000000c1300000| Untracked 
|  20|0x00000000c1400000, 0x00000000c14faaa0, 0x00000000c1500000| 97%| O|  |TAMS 0x00000000c14faaa0, 0x00000000c1400000| Untracked 
|  21|0x00000000c1500000, 0x00000000c15fffd0, 0x00000000c1600000| 99%| O|  |TAMS 0x00000000c15fffd0, 0x00000000c1500000| Untracked 
|  22|0x00000000c1600000, 0x00000000c16fffd8, 0x00000000c1700000| 99%| O|  |TAMS 0x00000000c16fffd8, 0x00000000c1600000| Untracked 
|  23|0x00000000c1700000, 0x00000000c17ffff8, 0x00000000c1800000| 99%| O|  |TAMS 0x00000000c17ffff8, 0x00000000c1700000| Untracked 
|  24|0x00000000c1800000, 0x00000000c18ffff8, 0x00000000c1900000| 99%| O|  |TAMS 0x00000000c18ffff8, 0x00000000c1800000| Untracked 
|  25|0x00000000c1900000, 0x00000000c19fffe0, 0x00000000c1a00000| 99%| O|  |TAMS 0x00000000c19fffe0, 0x00000000c1900000| Untracked 
|  26|0x00000000c1a00000, 0x00000000c1afffe0, 0x00000000c1b00000| 99%| O|  |TAMS 0x00000000c1afffe0, 0x00000000c1a00000| Untracked 
|  27|0x00000000c1b00000, 0x00000000c1bffff8, 0x00000000c1c00000| 99%| O|  |TAMS 0x00000000c1bffff8, 0x00000000c1b00000| Untracked 
|  28|0x00000000c1c00000, 0x00000000c1cffff8, 0x00000000c1d00000| 99%| O|  |TAMS 0x00000000c1cffff8, 0x00000000c1c00000| Untracked 
|  29|0x00000000c1d00000, 0x00000000c1dfffe0, 0x00000000c1e00000| 99%| O|  |TAMS 0x00000000c1dfffe0, 0x00000000c1d00000| Untracked 
|  30|0x00000000c1e00000, 0x00000000c1efffe0, 0x00000000c1f00000| 99%| O|  |TAMS 0x00000000c1efffe0, 0x00000000c1e00000| Untracked 
|  31|0x00000000c1f00000, 0x00000000c1ffffd0, 0x00000000c2000000| 99%| O|  |TAMS 0x00000000c1ffffd0, 0x00000000c1f00000| Untracked 
|  32|0x00000000c2000000, 0x00000000c20fffd0, 0x00000000c2100000| 99%| O|  |TAMS 0x00000000c20fffd0, 0x00000000c2000000| Untracked 
|  33|0x00000000c2100000, 0x00000000c21ffff0, 0x00000000c2200000| 99%| O|  |TAMS 0x00000000c21ffff0, 0x00000000c2100000| Untracked 
|  34|0x00000000c2200000, 0x00000000c2300000, 0x00000000c2300000|100%| O|  |TAMS 0x00000000c2300000, 0x00000000c2200000| Untracked 
|  35|0x00000000c2300000, 0x00000000c23fb2a0, 0x00000000c2400000| 98%| O|  |TAMS 0x00000000c23fb2a0, 0x00000000c2300000| Untracked 
|  36|0x00000000c2400000, 0x00000000c24fff48, 0x00000000c2500000| 99%| O|  |TAMS 0x00000000c24fff48, 0x00000000c2400000| Untracked 
|  37|0x00000000c2500000, 0x00000000c25ffff0, 0x00000000c2600000| 99%| O|  |TAMS 0x00000000c25ffff0, 0x00000000c2500000| Untracked 
|  38|0x00000000c2600000, 0x00000000c26ffff8, 0x00000000c2700000| 99%| O|  |TAMS 0x00000000c26ffff8, 0x00000000c2600000| Untracked 
|  39|0x00000000c2700000, 0x00000000c27ffff0, 0x00000000c2800000| 99%| O|  |TAMS 0x00000000c27ffff0, 0x00000000c2700000| Untracked 
|  40|0x00000000c2800000, 0x00000000c28ffff0, 0x00000000c2900000| 99%| O|  |TAMS 0x00000000c28ffff0, 0x00000000c2800000| Untracked 
|  41|0x00000000c2900000, 0x00000000c29fffd8, 0x00000000c2a00000| 99%| O|  |TAMS 0x00000000c29fffd8, 0x00000000c2900000| Untracked 
|  42|0x00000000c2a00000, 0x00000000c2affaa8, 0x00000000c2b00000| 99%| O|  |TAMS 0x00000000c2affaa8, 0x00000000c2a00000| Untracked 
|  43|0x00000000c2b00000, 0x00000000c2bfffe8, 0x00000000c2c00000| 99%| O|  |TAMS 0x00000000c2bfffe8, 0x00000000c2b00000| Untracked 
|  44|0x00000000c2c00000, 0x00000000c2cfff88, 0x00000000c2d00000| 99%| O|  |TAMS 0x00000000c2cfff88, 0x00000000c2c00000| Untracked 
|  45|0x00000000c2d00000, 0x00000000c2dfffc0, 0x00000000c2e00000| 99%| O|  |TAMS 0x00000000c2dfffc0, 0x00000000c2d00000| Untracked 
|  46|0x00000000c2e00000, 0x00000000c2efff98, 0x00000000c2f00000| 99%| O|  |TAMS 0x00000000c2efff98, 0x00000000c2e00000| Untracked 
|  47|0x00000000c2f00000, 0x00000000c2fffff8, 0x00000000c3000000| 99%| O|  |TAMS 0x00000000c2fffff8, 0x00000000c2f00000| Untracked 
|  48|0x00000000c3000000, 0x00000000c30ffff0, 0x00000000c3100000| 99%| O|  |TAMS 0x00000000c30ffff0, 0x00000000c3000000| Untracked 
|  49|0x00000000c3100000, 0x00000000c3200000, 0x00000000c3200000|100%| O|  |TAMS 0x00000000c3200000, 0x00000000c3100000| Untracked 
|  50|0x00000000c3200000, 0x00000000c3300000, 0x00000000c3300000|100%| O|  |TAMS 0x00000000c3300000, 0x00000000c3200000| Untracked 
|  51|0x00000000c3300000, 0x00000000c3400000, 0x00000000c3400000|100%|HS|  |TAMS 0x00000000c3400000, 0x00000000c3300000| Untracked 
|  52|0x00000000c3400000, 0x00000000c34fffa8, 0x00000000c3500000| 99%| O|  |TAMS 0x00000000c34fffa8, 0x00000000c3400000| Untracked 
|  53|0x00000000c3500000, 0x00000000c35fffd0, 0x00000000c3600000| 99%| O|  |TAMS 0x00000000c35fffd0, 0x00000000c3500000| Untracked 
|  54|0x00000000c3600000, 0x00000000c36ffff0, 0x00000000c3700000| 99%| O|  |TAMS 0x00000000c36ffff0, 0x00000000c3600000| Untracked 
|  55|0x00000000c3700000, 0x00000000c37fffc8, 0x00000000c3800000| 99%| O|  |TAMS 0x00000000c37fffc8, 0x00000000c3700000| Untracked 
|  56|0x00000000c3800000, 0x00000000c38fffc0, 0x00000000c3900000| 99%| O|  |TAMS 0x00000000c38fffc0, 0x00000000c3800000| Untracked 
|  57|0x00000000c3900000, 0x00000000c39ffff0, 0x00000000c3a00000| 99%| O|  |TAMS 0x00000000c39ffff0, 0x00000000c3900000| Untracked 
|  58|0x00000000c3a00000, 0x00000000c3b00000, 0x00000000c3b00000|100%| O|  |TAMS 0x00000000c3b00000, 0x00000000c3a00000| Untracked 
|  59|0x00000000c3b00000, 0x00000000c3bffff0, 0x00000000c3c00000| 99%| O|  |TAMS 0x00000000c3bffff0, 0x00000000c3b00000| Untracked 
|  60|0x00000000c3c00000, 0x00000000c3cff990, 0x00000000c3d00000| 99%| O|  |TAMS 0x00000000c3cff990, 0x00000000c3c00000| Untracked 
|  61|0x00000000c3d00000, 0x00000000c3df9250, 0x00000000c3e00000| 97%| O|  |TAMS 0x00000000c3df9250, 0x00000000c3d00000| Untracked 
|  62|0x00000000c3e00000, 0x00000000c3ee2f18, 0x00000000c3f00000| 88%| O|  |TAMS 0x00000000c3e00000, 0x00000000c3e00000| Untracked 
|  63|0x00000000c3f00000, 0x00000000c3ffffa8, 0x00000000c4000000| 99%| O|  |TAMS 0x00000000c3ffffa8, 0x00000000c3f00000| Untracked 
|  64|0x00000000c4000000, 0x00000000c40ffff8, 0x00000000c4100000| 99%| O|  |TAMS 0x00000000c40ffff8, 0x00000000c4000000| Untracked 
|  65|0x00000000c4100000, 0x00000000c41dc870, 0x00000000c4200000| 86%| O|  |TAMS 0x00000000c4100000, 0x00000000c4100000| Untracked 
|  66|0x00000000c4200000, 0x00000000c42ffff8, 0x00000000c4300000| 99%| O|  |TAMS 0x00000000c42ffff8, 0x00000000c4200000| Untracked 
|  67|0x00000000c4300000, 0x00000000c43ffff0, 0x00000000c4400000| 99%| O|  |TAMS 0x00000000c43ffff0, 0x00000000c4300000| Untracked 
|  68|0x00000000c4400000, 0x00000000c44bc238, 0x00000000c4500000| 73%| O|  |TAMS 0x00000000c4400000, 0x00000000c4400000| Untracked 
|  69|0x00000000c4500000, 0x00000000c455b830, 0x00000000c4600000| 35%| O|  |TAMS 0x00000000c4500000, 0x00000000c4500000| Untracked 
|  70|0x00000000c4600000, 0x00000000c4700000, 0x00000000c4700000|100%|HS|  |TAMS 0x00000000c4700000, 0x00000000c4600000| Untracked 
|  71|0x00000000c4700000, 0x00000000c4708d58, 0x00000000c4800000|  3%| O|  |TAMS 0x00000000c4700000, 0x00000000c4700000| Untracked 
|  72|0x00000000c4800000, 0x00000000c4800000, 0x00000000c4900000|  0%| F|  |TAMS 0x00000000c4800000, 0x00000000c4800000| Untracked 
|  73|0x00000000c4900000, 0x00000000c49fffe8, 0x00000000c4a00000| 99%| O|  |TAMS 0x00000000c49fffe8, 0x00000000c4900000| Untracked 
|  74|0x00000000c4a00000, 0x00000000c4a00000, 0x00000000c4b00000|  0%| F|  |TAMS 0x00000000c4a00000, 0x00000000c4a00000| Untracked 
|  75|0x00000000c4b00000, 0x00000000c4b00000, 0x00000000c4c00000|  0%| F|  |TAMS 0x00000000c4b00000, 0x00000000c4b00000| Untracked 
|  76|0x00000000c4c00000, 0x00000000c4c00000, 0x00000000c4d00000|  0%| F|  |TAMS 0x00000000c4c00000, 0x00000000c4c00000| Untracked 
|  77|0x00000000c4d00000, 0x00000000c4d00000, 0x00000000c4e00000|  0%| F|  |TAMS 0x00000000c4d00000, 0x00000000c4d00000| Untracked 
|  78|0x00000000c4e00000, 0x00000000c4e00000, 0x00000000c4f00000|  0%| F|  |TAMS 0x00000000c4e00000, 0x00000000c4e00000| Untracked 
|  79|0x00000000c4f00000, 0x00000000c4f00000, 0x00000000c5000000|  0%| F|  |TAMS 0x00000000c4f00000, 0x00000000c4f00000| Untracked 
|  80|0x00000000c5000000, 0x00000000c5000000, 0x00000000c5100000|  0%| F|  |TAMS 0x00000000c5000000, 0x00000000c5000000| Untracked 
|  81|0x00000000c5100000, 0x00000000c5100000, 0x00000000c5200000|  0%| F|  |TAMS 0x00000000c5100000, 0x00000000c5100000| Untracked 
|  82|0x00000000c5200000, 0x00000000c5200000, 0x00000000c5300000|  0%| F|  |TAMS 0x00000000c5200000, 0x00000000c5200000| Untracked 
|  83|0x00000000c5300000, 0x00000000c5300000, 0x00000000c5400000|  0%| F|  |TAMS 0x00000000c5300000, 0x00000000c5300000| Untracked 
|  84|0x00000000c5400000, 0x00000000c5400000, 0x00000000c5500000|  0%| F|  |TAMS 0x00000000c5400000, 0x00000000c5400000| Untracked 
|  85|0x00000000c5500000, 0x00000000c55fffb8, 0x00000000c5600000| 99%| O|  |TAMS 0x00000000c55fffb8, 0x00000000c5500000| Untracked 
|  86|0x00000000c5600000, 0x00000000c56ffff8, 0x00000000c5700000| 99%| O|  |TAMS 0x00000000c56ffff8, 0x00000000c5600000| Untracked 
|  87|0x00000000c5700000, 0x00000000c5700000, 0x00000000c5800000|  0%| F|  |TAMS 0x00000000c5700000, 0x00000000c5700000| Untracked 
|  88|0x00000000c5800000, 0x00000000c5800000, 0x00000000c5900000|  0%| F|  |TAMS 0x00000000c5800000, 0x00000000c5800000| Untracked 
|  89|0x00000000c5900000, 0x00000000c5900000, 0x00000000c5a00000|  0%| F|  |TAMS 0x00000000c5900000, 0x00000000c5900000| Untracked 
|  90|0x00000000c5a00000, 0x00000000c5affff0, 0x00000000c5b00000| 99%| O|  |TAMS 0x00000000c5affff0, 0x00000000c5a00000| Untracked 
|  91|0x00000000c5b00000, 0x00000000c5b00000, 0x00000000c5c00000|  0%| F|  |TAMS 0x00000000c5b00000, 0x00000000c5b00000| Untracked 
|  92|0x00000000c5c00000, 0x00000000c5c00000, 0x00000000c5d00000|  0%| F|  |TAMS 0x00000000c5c00000, 0x00000000c5c00000| Untracked 
|  93|0x00000000c5d00000, 0x00000000c5dfffe8, 0x00000000c5e00000| 99%| O|  |TAMS 0x00000000c5dfffe8, 0x00000000c5d00000| Untracked 
|  94|0x00000000c5e00000, 0x00000000c5e00000, 0x00000000c5f00000|  0%| F|  |TAMS 0x00000000c5e00000, 0x00000000c5e00000| Untracked 
|  95|0x00000000c5f00000, 0x00000000c5f00000, 0x00000000c6000000|  0%| F|  |TAMS 0x00000000c5f00000, 0x00000000c5f00000| Untracked 
|  96|0x00000000c6000000, 0x00000000c60ffff8, 0x00000000c6100000| 99%| O|  |TAMS 0x00000000c60ffff8, 0x00000000c6000000| Untracked 
|  97|0x00000000c6100000, 0x00000000c6100000, 0x00000000c6200000|  0%| F|  |TAMS 0x00000000c6100000, 0x00000000c6100000| Untracked 
|  98|0x00000000c6200000, 0x00000000c6200000, 0x00000000c6300000|  0%| F|  |TAMS 0x00000000c6200000, 0x00000000c6200000| Untracked 
|  99|0x00000000c6300000, 0x00000000c6300000, 0x00000000c6400000|  0%| F|  |TAMS 0x00000000c6300000, 0x00000000c6300000| Untracked 
| 100|0x00000000c6400000, 0x00000000c6400000, 0x00000000c6500000|  0%| F|  |TAMS 0x00000000c6400000, 0x00000000c6400000| Untracked 
| 101|0x00000000c6500000, 0x00000000c6500000, 0x00000000c6600000|  0%| F|  |TAMS 0x00000000c6500000, 0x00000000c6500000| Untracked 
| 102|0x00000000c6600000, 0x00000000c6600000, 0x00000000c6700000|  0%| F|  |TAMS 0x00000000c6600000, 0x00000000c6600000| Untracked 
| 103|0x00000000c6700000, 0x00000000c67fffb8, 0x00000000c6800000| 99%| O|  |TAMS 0x00000000c67fffb8, 0x00000000c6700000| Untracked 
| 104|0x00000000c6800000, 0x00000000c6800000, 0x00000000c6900000|  0%| F|  |TAMS 0x00000000c6800000, 0x00000000c6800000| Untracked 
| 105|0x00000000c6900000, 0x00000000c6900000, 0x00000000c6a00000|  0%| F|  |TAMS 0x00000000c6900000, 0x00000000c6900000| Untracked 
| 106|0x00000000c6a00000, 0x00000000c6a00000, 0x00000000c6b00000|  0%| F|  |TAMS 0x00000000c6a00000, 0x00000000c6a00000| Untracked 
| 107|0x00000000c6b00000, 0x00000000c6b00000, 0x00000000c6c00000|  0%| F|  |TAMS 0x00000000c6b00000, 0x00000000c6b00000| Untracked 
| 108|0x00000000c6c00000, 0x00000000c6c00000, 0x00000000c6d00000|  0%| F|  |TAMS 0x00000000c6c00000, 0x00000000c6c00000| Untracked 
| 109|0x00000000c6d00000, 0x00000000c6d00000, 0x00000000c6e00000|  0%| F|  |TAMS 0x00000000c6d00000, 0x00000000c6d00000| Untracked 
| 110|0x00000000c6e00000, 0x00000000c6e00000, 0x00000000c6f00000|  0%| F|  |TAMS 0x00000000c6e00000, 0x00000000c6e00000| Untracked 
| 111|0x00000000c6f00000, 0x00000000c6f00000, 0x00000000c7000000|  0%| F|  |TAMS 0x00000000c6f00000, 0x00000000c6f00000| Untracked 
| 112|0x00000000c7000000, 0x00000000c7000000, 0x00000000c7100000|  0%| F|  |TAMS 0x00000000c7000000, 0x00000000c7000000| Untracked 
| 113|0x00000000c7100000, 0x00000000c7100000, 0x00000000c7200000|  0%| F|  |TAMS 0x00000000c7100000, 0x00000000c7100000| Untracked 
| 114|0x00000000c7200000, 0x00000000c7200000, 0x00000000c7300000|  0%| F|  |TAMS 0x00000000c7200000, 0x00000000c7200000| Untracked 
| 115|0x00000000c7300000, 0x00000000c7300000, 0x00000000c7400000|  0%| F|  |TAMS 0x00000000c7300000, 0x00000000c7300000| Untracked 
| 116|0x00000000c7400000, 0x00000000c7400000, 0x00000000c7500000|  0%| F|  |TAMS 0x00000000c7400000, 0x00000000c7400000| Untracked 
| 117|0x00000000c7500000, 0x00000000c7500000, 0x00000000c7600000|  0%| F|  |TAMS 0x00000000c7500000, 0x00000000c7500000| Untracked 
| 118|0x00000000c7600000, 0x00000000c7600000, 0x00000000c7700000|  0%| F|  |TAMS 0x00000000c7600000, 0x00000000c7600000| Untracked 
| 119|0x00000000c7700000, 0x00000000c7700000, 0x00000000c7800000|  0%| F|  |TAMS 0x00000000c7700000, 0x00000000c7700000| Untracked 
| 120|0x00000000c7800000, 0x00000000c7800000, 0x00000000c7900000|  0%| F|  |TAMS 0x00000000c7800000, 0x00000000c7800000| Untracked 
| 121|0x00000000c7900000, 0x00000000c7900000, 0x00000000c7a00000|  0%| F|  |TAMS 0x00000000c7900000, 0x00000000c7900000| Untracked 
| 122|0x00000000c7a00000, 0x00000000c7a00000, 0x00000000c7b00000|  0%| F|  |TAMS 0x00000000c7a00000, 0x00000000c7a00000| Untracked 
| 123|0x00000000c7b00000, 0x00000000c7b00000, 0x00000000c7c00000|  0%| F|  |TAMS 0x00000000c7b00000, 0x00000000c7b00000| Untracked 
| 124|0x00000000c7c00000, 0x00000000c7c00000, 0x00000000c7d00000|  0%| F|  |TAMS 0x00000000c7c00000, 0x00000000c7c00000| Untracked 
| 125|0x00000000c7d00000, 0x00000000c7d00000, 0x00000000c7e00000|  0%| F|  |TAMS 0x00000000c7d00000, 0x00000000c7d00000| Untracked 
| 126|0x00000000c7e00000, 0x00000000c7efffe8, 0x00000000c7f00000| 99%| O|  |TAMS 0x00000000c7efffe8, 0x00000000c7e00000| Untracked 
| 127|0x00000000c7f00000, 0x00000000c7f00000, 0x00000000c8000000|  0%| F|  |TAMS 0x00000000c7f00000, 0x00000000c7f00000| Untracked 
| 128|0x00000000c8000000, 0x00000000c8000000, 0x00000000c8100000|  0%| F|  |TAMS 0x00000000c8000000, 0x00000000c8000000| Untracked 
| 129|0x00000000c8100000, 0x00000000c8100000, 0x00000000c8200000|  0%| F|  |TAMS 0x00000000c8100000, 0x00000000c8100000| Untracked 
| 130|0x00000000c8200000, 0x00000000c8200000, 0x00000000c8300000|  0%| F|  |TAMS 0x00000000c8200000, 0x00000000c8200000| Untracked 
| 131|0x00000000c8300000, 0x00000000c8300000, 0x00000000c8400000|  0%| F|  |TAMS 0x00000000c8300000, 0x00000000c8300000| Untracked 
| 132|0x00000000c8400000, 0x00000000c8400000, 0x00000000c8500000|  0%| F|  |TAMS 0x00000000c8400000, 0x00000000c8400000| Untracked 
| 133|0x00000000c8500000, 0x00000000c8500000, 0x00000000c8600000|  0%| F|  |TAMS 0x00000000c8500000, 0x00000000c8500000| Untracked 
| 134|0x00000000c8600000, 0x00000000c8600000, 0x00000000c8700000|  0%| F|  |TAMS 0x00000000c8600000, 0x00000000c8600000| Untracked 
| 135|0x00000000c8700000, 0x00000000c8700000, 0x00000000c8800000|  0%| F|  |TAMS 0x00000000c8700000, 0x00000000c8700000| Untracked 
| 136|0x00000000c8800000, 0x00000000c8800000, 0x00000000c8900000|  0%| F|  |TAMS 0x00000000c8800000, 0x00000000c8800000| Untracked 
| 137|0x00000000c8900000, 0x00000000c8900000, 0x00000000c8a00000|  0%| F|  |TAMS 0x00000000c8900000, 0x00000000c8900000| Untracked 
| 138|0x00000000c8a00000, 0x00000000c8a00000, 0x00000000c8b00000|  0%| F|  |TAMS 0x00000000c8a00000, 0x00000000c8a00000| Untracked 
| 139|0x00000000c8b00000, 0x00000000c8b00000, 0x00000000c8c00000|  0%| F|  |TAMS 0x00000000c8b00000, 0x00000000c8b00000| Untracked 
| 140|0x00000000c8c00000, 0x00000000c8c00000, 0x00000000c8d00000|  0%| F|  |TAMS 0x00000000c8c00000, 0x00000000c8c00000| Untracked 
| 141|0x00000000c8d00000, 0x00000000c8d00000, 0x00000000c8e00000|  0%| F|  |TAMS 0x00000000c8d00000, 0x00000000c8d00000| Untracked 
| 142|0x00000000c8e00000, 0x00000000c8e00000, 0x00000000c8f00000|  0%| F|  |TAMS 0x00000000c8e00000, 0x00000000c8e00000| Untracked 
| 143|0x00000000c8f00000, 0x00000000c8f00000, 0x00000000c9000000|  0%| F|  |TAMS 0x00000000c8f00000, 0x00000000c8f00000| Untracked 
| 144|0x00000000c9000000, 0x00000000c9000000, 0x00000000c9100000|  0%| F|  |TAMS 0x00000000c9000000, 0x00000000c9000000| Untracked 
| 145|0x00000000c9100000, 0x00000000c9100000, 0x00000000c9200000|  0%| F|  |TAMS 0x00000000c9100000, 0x00000000c9100000| Untracked 
| 146|0x00000000c9200000, 0x00000000c9300000, 0x00000000c9300000|100%|HS|  |TAMS 0x00000000c9300000, 0x00000000c9200000| Untracked 
| 147|0x00000000c9300000, 0x00000000c9400000, 0x00000000c9400000|100%|HC|  |TAMS 0x00000000c9400000, 0x00000000c9300000| Untracked 
| 148|0x00000000c9400000, 0x00000000c9500000, 0x00000000c9500000|100%|HC|  |TAMS 0x00000000c9500000, 0x00000000c9400000| Untracked 
| 149|0x00000000c9500000, 0x00000000c9500000, 0x00000000c9600000|  0%| F|  |TAMS 0x00000000c9500000, 0x00000000c9500000| Untracked 
| 150|0x00000000c9600000, 0x00000000c9600000, 0x00000000c9700000|  0%| F|  |TAMS 0x00000000c9600000, 0x00000000c9600000| Untracked 
| 151|0x00000000c9700000, 0x00000000c9700000, 0x00000000c9800000|  0%| F|  |TAMS 0x00000000c9700000, 0x00000000c9700000| Untracked 
| 152|0x00000000c9800000, 0x00000000c9800000, 0x00000000c9900000|  0%| F|  |TAMS 0x00000000c9800000, 0x00000000c9800000| Untracked 
| 153|0x00000000c9900000, 0x00000000c9900000, 0x00000000c9a00000|  0%| F|  |TAMS 0x00000000c9900000, 0x00000000c9900000| Untracked 
| 154|0x00000000c9a00000, 0x00000000c9a00000, 0x00000000c9b00000|  0%| F|  |TAMS 0x00000000c9a00000, 0x00000000c9a00000| Untracked 
| 155|0x00000000c9b00000, 0x00000000c9b00000, 0x00000000c9c00000|  0%| F|  |TAMS 0x00000000c9b00000, 0x00000000c9b00000| Untracked 
| 156|0x00000000c9c00000, 0x00000000c9c00000, 0x00000000c9d00000|  0%| F|  |TAMS 0x00000000c9c00000, 0x00000000c9c00000| Untracked 
| 157|0x00000000c9d00000, 0x00000000c9d00000, 0x00000000c9e00000|  0%| F|  |TAMS 0x00000000c9d00000, 0x00000000c9d00000| Untracked 
| 158|0x00000000c9e00000, 0x00000000c9e00000, 0x00000000c9f00000|  0%| F|  |TAMS 0x00000000c9e00000, 0x00000000c9e00000| Untracked 
| 159|0x00000000c9f00000, 0x00000000c9f00000, 0x00000000ca000000|  0%| F|  |TAMS 0x00000000c9f00000, 0x00000000c9f00000| Untracked 
| 160|0x00000000ca000000, 0x00000000ca000000, 0x00000000ca100000|  0%| F|  |TAMS 0x00000000ca000000, 0x00000000ca000000| Untracked 
| 161|0x00000000ca100000, 0x00000000ca100000, 0x00000000ca200000|  0%| F|  |TAMS 0x00000000ca100000, 0x00000000ca100000| Untracked 
| 162|0x00000000ca200000, 0x00000000ca200000, 0x00000000ca300000|  0%| F|  |TAMS 0x00000000ca200000, 0x00000000ca200000| Untracked 
| 163|0x00000000ca300000, 0x00000000ca300000, 0x00000000ca400000|  0%| F|  |TAMS 0x00000000ca300000, 0x00000000ca300000| Untracked 
| 164|0x00000000ca400000, 0x00000000ca400000, 0x00000000ca500000|  0%| F|  |TAMS 0x00000000ca400000, 0x00000000ca400000| Untracked 
| 165|0x00000000ca500000, 0x00000000ca500000, 0x00000000ca600000|  0%| F|  |TAMS 0x00000000ca500000, 0x00000000ca500000| Untracked 
| 166|0x00000000ca600000, 0x00000000ca600000, 0x00000000ca700000|  0%| F|  |TAMS 0x00000000ca600000, 0x00000000ca600000| Untracked 
| 167|0x00000000ca700000, 0x00000000ca700000, 0x00000000ca800000|  0%| F|  |TAMS 0x00000000ca700000, 0x00000000ca700000| Untracked 
| 168|0x00000000ca800000, 0x00000000ca800000, 0x00000000ca900000|  0%| F|  |TAMS 0x00000000ca800000, 0x00000000ca800000| Untracked 
| 169|0x00000000ca900000, 0x00000000caa00000, 0x00000000caa00000|100%| O|  |TAMS 0x00000000caa00000, 0x00000000ca900000| Untracked 
| 170|0x00000000caa00000, 0x00000000cab00000, 0x00000000cab00000|100%| O|  |TAMS 0x00000000cab00000, 0x00000000caa00000| Untracked 
| 171|0x00000000cab00000, 0x00000000cab00000, 0x00000000cac00000|  0%| F|  |TAMS 0x00000000cab00000, 0x00000000cab00000| Untracked 
| 172|0x00000000cac00000, 0x00000000cad00000, 0x00000000cad00000|100%| O|  |TAMS 0x00000000cad00000, 0x00000000cac00000| Untracked 
| 173|0x00000000cad00000, 0x00000000cad00000, 0x00000000cae00000|  0%| F|  |TAMS 0x00000000cad00000, 0x00000000cad00000| Untracked 
| 174|0x00000000cae00000, 0x00000000cae00000, 0x00000000caf00000|  0%| F|  |TAMS 0x00000000cae00000, 0x00000000cae00000| Untracked 
| 175|0x00000000caf00000, 0x00000000cb000000, 0x00000000cb000000|100%| O|  |TAMS 0x00000000cb000000, 0x00000000caf00000| Untracked 
| 176|0x00000000cb000000, 0x00000000cb100000, 0x00000000cb100000|100%| O|  |TAMS 0x00000000cb100000, 0x00000000cb000000| Untracked 
| 177|0x00000000cb100000, 0x00000000cb200000, 0x00000000cb200000|100%| O|  |TAMS 0x00000000cb200000, 0x00000000cb100000| Untracked 
| 178|0x00000000cb200000, 0x00000000cb300000, 0x00000000cb300000|100%| O|  |TAMS 0x00000000cb300000, 0x00000000cb200000| Untracked 
| 179|0x00000000cb300000, 0x00000000cb400000, 0x00000000cb400000|100%| O|  |TAMS 0x00000000cb400000, 0x00000000cb300000| Untracked 
| 180|0x00000000cb400000, 0x00000000cb400000, 0x00000000cb500000|  0%| F|  |TAMS 0x00000000cb400000, 0x00000000cb400000| Untracked 
| 181|0x00000000cb500000, 0x00000000cb500000, 0x00000000cb600000|  0%| F|  |TAMS 0x00000000cb500000, 0x00000000cb500000| Untracked 
| 182|0x00000000cb600000, 0x00000000cb600000, 0x00000000cb700000|  0%| F|  |TAMS 0x00000000cb600000, 0x00000000cb600000| Untracked 
| 183|0x00000000cb700000, 0x00000000cb700000, 0x00000000cb800000|  0%| F|  |TAMS 0x00000000cb700000, 0x00000000cb700000| Untracked 
| 184|0x00000000cb800000, 0x00000000cb800000, 0x00000000cb900000|  0%| F|  |TAMS 0x00000000cb800000, 0x00000000cb800000| Untracked 
| 185|0x00000000cb900000, 0x00000000cb900000, 0x00000000cba00000|  0%| F|  |TAMS 0x00000000cb900000, 0x00000000cb900000| Untracked 
| 186|0x00000000cba00000, 0x00000000cba00000, 0x00000000cbb00000|  0%| F|  |TAMS 0x00000000cba00000, 0x00000000cba00000| Untracked 
| 187|0x00000000cbb00000, 0x00000000cbb00000, 0x00000000cbc00000|  0%| F|  |TAMS 0x00000000cbb00000, 0x00000000cbb00000| Untracked 
| 188|0x00000000cbc00000, 0x00000000cbc00000, 0x00000000cbd00000|  0%| F|  |TAMS 0x00000000cbc00000, 0x00000000cbc00000| Untracked 
| 189|0x00000000cbd00000, 0x00000000cbd00000, 0x00000000cbe00000|  0%| F|  |TAMS 0x00000000cbd00000, 0x00000000cbd00000| Untracked 
| 190|0x00000000cbe00000, 0x00000000cbe00000, 0x00000000cbf00000|  0%| F|  |TAMS 0x00000000cbe00000, 0x00000000cbe00000| Untracked 
| 191|0x00000000cbf00000, 0x00000000cbf00000, 0x00000000cc000000|  0%| F|  |TAMS 0x00000000cbf00000, 0x00000000cbf00000| Untracked 
| 192|0x00000000cc000000, 0x00000000cc000000, 0x00000000cc100000|  0%| F|  |TAMS 0x00000000cc000000, 0x00000000cc000000| Untracked 
| 193|0x00000000cc100000, 0x00000000cc100000, 0x00000000cc200000|  0%| F|  |TAMS 0x00000000cc100000, 0x00000000cc100000| Untracked 
| 194|0x00000000cc200000, 0x00000000cc200000, 0x00000000cc300000|  0%| F|  |TAMS 0x00000000cc200000, 0x00000000cc200000| Untracked 
| 195|0x00000000cc300000, 0x00000000cc300000, 0x00000000cc400000|  0%| F|  |TAMS 0x00000000cc300000, 0x00000000cc300000| Untracked 
| 196|0x00000000cc400000, 0x00000000cc400000, 0x00000000cc500000|  0%| F|  |TAMS 0x00000000cc400000, 0x00000000cc400000| Untracked 
| 197|0x00000000cc500000, 0x00000000cc500000, 0x00000000cc600000|  0%| F|  |TAMS 0x00000000cc500000, 0x00000000cc500000| Untracked 
| 198|0x00000000cc600000, 0x00000000cc600000, 0x00000000cc700000|  0%| F|  |TAMS 0x00000000cc600000, 0x00000000cc600000| Untracked 
| 199|0x00000000cc700000, 0x00000000cc700000, 0x00000000cc800000|  0%| F|  |TAMS 0x00000000cc700000, 0x00000000cc700000| Untracked 
| 200|0x00000000cc800000, 0x00000000cc800000, 0x00000000cc900000|  0%| F|  |TAMS 0x00000000cc800000, 0x00000000cc800000| Untracked 
| 201|0x00000000cc900000, 0x00000000cc900000, 0x00000000cca00000|  0%| F|  |TAMS 0x00000000cc900000, 0x00000000cc900000| Untracked 
| 202|0x00000000cca00000, 0x00000000cca00000, 0x00000000ccb00000|  0%| F|  |TAMS 0x00000000cca00000, 0x00000000cca00000| Untracked 
| 203|0x00000000ccb00000, 0x00000000ccb00000, 0x00000000ccc00000|  0%| F|  |TAMS 0x00000000ccb00000, 0x00000000ccb00000| Untracked 
| 204|0x00000000ccc00000, 0x00000000ccc00000, 0x00000000ccd00000|  0%| F|  |TAMS 0x00000000ccc00000, 0x00000000ccc00000| Untracked 
| 205|0x00000000ccd00000, 0x00000000ccd00000, 0x00000000cce00000|  0%| F|  |TAMS 0x00000000ccd00000, 0x00000000ccd00000| Untracked 
| 206|0x00000000cce00000, 0x00000000cce00000, 0x00000000ccf00000|  0%| F|  |TAMS 0x00000000cce00000, 0x00000000cce00000| Untracked 
| 207|0x00000000ccf00000, 0x00000000ccf00000, 0x00000000cd000000|  0%| F|  |TAMS 0x00000000ccf00000, 0x00000000ccf00000| Untracked 
| 208|0x00000000cd000000, 0x00000000cd000000, 0x00000000cd100000|  0%| F|  |TAMS 0x00000000cd000000, 0x00000000cd000000| Untracked 
| 209|0x00000000cd100000, 0x00000000cd100000, 0x00000000cd200000|  0%| F|  |TAMS 0x00000000cd100000, 0x00000000cd100000| Untracked 
| 210|0x00000000cd200000, 0x00000000cd200000, 0x00000000cd300000|  0%| F|  |TAMS 0x00000000cd200000, 0x00000000cd200000| Untracked 
| 211|0x00000000cd300000, 0x00000000cd300000, 0x00000000cd400000|  0%| F|  |TAMS 0x00000000cd300000, 0x00000000cd300000| Untracked 
| 212|0x00000000cd400000, 0x00000000cd400000, 0x00000000cd500000|  0%| F|  |TAMS 0x00000000cd400000, 0x00000000cd400000| Untracked 
| 213|0x00000000cd500000, 0x00000000cd500000, 0x00000000cd600000|  0%| F|  |TAMS 0x00000000cd500000, 0x00000000cd500000| Untracked 
| 214|0x00000000cd600000, 0x00000000cd600000, 0x00000000cd700000|  0%| F|  |TAMS 0x00000000cd600000, 0x00000000cd600000| Untracked 
| 215|0x00000000cd700000, 0x00000000cd700000, 0x00000000cd800000|  0%| F|  |TAMS 0x00000000cd700000, 0x00000000cd700000| Untracked 
| 216|0x00000000cd800000, 0x00000000cd800000, 0x00000000cd900000|  0%| F|  |TAMS 0x00000000cd800000, 0x00000000cd800000| Untracked 
| 217|0x00000000cd900000, 0x00000000cd900000, 0x00000000cda00000|  0%| F|  |TAMS 0x00000000cd900000, 0x00000000cd900000| Untracked 
| 218|0x00000000cda00000, 0x00000000cda00000, 0x00000000cdb00000|  0%| F|  |TAMS 0x00000000cda00000, 0x00000000cda00000| Untracked 
| 219|0x00000000cdb00000, 0x00000000cdb00000, 0x00000000cdc00000|  0%| F|  |TAMS 0x00000000cdb00000, 0x00000000cdb00000| Untracked 
| 220|0x00000000cdc00000, 0x00000000cdc00000, 0x00000000cdd00000|  0%| F|  |TAMS 0x00000000cdc00000, 0x00000000cdc00000| Untracked 
| 221|0x00000000cdd00000, 0x00000000cdd00000, 0x00000000cde00000|  0%| F|  |TAMS 0x00000000cdd00000, 0x00000000cdd00000| Untracked 
| 222|0x00000000cde00000, 0x00000000cde00000, 0x00000000cdf00000|  0%| F|  |TAMS 0x00000000cde00000, 0x00000000cde00000| Untracked 
| 223|0x00000000cdf00000, 0x00000000cdf00000, 0x00000000ce000000|  0%| F|  |TAMS 0x00000000cdf00000, 0x00000000cdf00000| Untracked 
| 224|0x00000000ce000000, 0x00000000ce000000, 0x00000000ce100000|  0%| F|  |TAMS 0x00000000ce000000, 0x00000000ce000000| Untracked 
| 225|0x00000000ce100000, 0x00000000ce100000, 0x00000000ce200000|  0%| F|  |TAMS 0x00000000ce100000, 0x00000000ce100000| Untracked 
| 226|0x00000000ce200000, 0x00000000ce200000, 0x00000000ce300000|  0%| F|  |TAMS 0x00000000ce200000, 0x00000000ce200000| Untracked 
| 227|0x00000000ce300000, 0x00000000ce300000, 0x00000000ce400000|  0%| F|  |TAMS 0x00000000ce300000, 0x00000000ce300000| Untracked 
| 228|0x00000000ce400000, 0x00000000ce400000, 0x00000000ce500000|  0%| F|  |TAMS 0x00000000ce400000, 0x00000000ce400000| Untracked 
| 229|0x00000000ce500000, 0x00000000ce500000, 0x00000000ce600000|  0%| F|  |TAMS 0x00000000ce500000, 0x00000000ce500000| Untracked 
| 230|0x00000000ce600000, 0x00000000ce600000, 0x00000000ce700000|  0%| F|  |TAMS 0x00000000ce600000, 0x00000000ce600000| Untracked 
| 231|0x00000000ce700000, 0x00000000ce700000, 0x00000000ce800000|  0%| F|  |TAMS 0x00000000ce700000, 0x00000000ce700000| Untracked 
| 232|0x00000000ce800000, 0x00000000ce800000, 0x00000000ce900000|  0%| F|  |TAMS 0x00000000ce800000, 0x00000000ce800000| Untracked 
| 233|0x00000000ce900000, 0x00000000ce900000, 0x00000000cea00000|  0%| F|  |TAMS 0x00000000ce900000, 0x00000000ce900000| Untracked 
| 234|0x00000000cea00000, 0x00000000cea00000, 0x00000000ceb00000|  0%| F|  |TAMS 0x00000000cea00000, 0x00000000cea00000| Untracked 
| 235|0x00000000ceb00000, 0x00000000ceb00000, 0x00000000cec00000|  0%| F|  |TAMS 0x00000000ceb00000, 0x00000000ceb00000| Untracked 
| 236|0x00000000cec00000, 0x00000000cec00000, 0x00000000ced00000|  0%| F|  |TAMS 0x00000000cec00000, 0x00000000cec00000| Untracked 
| 237|0x00000000ced00000, 0x00000000ced00000, 0x00000000cee00000|  0%| F|  |TAMS 0x00000000ced00000, 0x00000000ced00000| Untracked 
| 238|0x00000000cee00000, 0x00000000cee00000, 0x00000000cef00000|  0%| F|  |TAMS 0x00000000cee00000, 0x00000000cee00000| Untracked 
| 239|0x00000000cef00000, 0x00000000cef00000, 0x00000000cf000000|  0%| F|  |TAMS 0x00000000cef00000, 0x00000000cef00000| Untracked 
| 240|0x00000000cf000000, 0x00000000cf000000, 0x00000000cf100000|  0%| F|  |TAMS 0x00000000cf000000, 0x00000000cf000000| Untracked 
| 241|0x00000000cf100000, 0x00000000cf100000, 0x00000000cf200000|  0%| F|  |TAMS 0x00000000cf100000, 0x00000000cf100000| Untracked 
| 242|0x00000000cf200000, 0x00000000cf200000, 0x00000000cf300000|  0%| F|  |TAMS 0x00000000cf200000, 0x00000000cf200000| Untracked 
| 243|0x00000000cf300000, 0x00000000cf300000, 0x00000000cf400000|  0%| F|  |TAMS 0x00000000cf300000, 0x00000000cf300000| Untracked 
| 244|0x00000000cf400000, 0x00000000cf400000, 0x00000000cf500000|  0%| F|  |TAMS 0x00000000cf400000, 0x00000000cf400000| Untracked 
| 245|0x00000000cf500000, 0x00000000cf500000, 0x00000000cf600000|  0%| F|  |TAMS 0x00000000cf500000, 0x00000000cf500000| Untracked 
| 246|0x00000000cf600000, 0x00000000cf600000, 0x00000000cf700000|  0%| F|  |TAMS 0x00000000cf600000, 0x00000000cf600000| Untracked 
| 247|0x00000000cf700000, 0x00000000cf700000, 0x00000000cf800000|  0%| F|  |TAMS 0x00000000cf700000, 0x00000000cf700000| Untracked 
| 248|0x00000000cf800000, 0x00000000cf800000, 0x00000000cf900000|  0%| F|  |TAMS 0x00000000cf800000, 0x00000000cf800000| Untracked 
| 249|0x00000000cf900000, 0x00000000cf900000, 0x00000000cfa00000|  0%| F|  |TAMS 0x00000000cf900000, 0x00000000cf900000| Untracked 
| 250|0x00000000cfa00000, 0x00000000cfa00000, 0x00000000cfb00000|  0%| F|  |TAMS 0x00000000cfa00000, 0x00000000cfa00000| Untracked 
| 251|0x00000000cfb00000, 0x00000000cfb00000, 0x00000000cfc00000|  0%| F|  |TAMS 0x00000000cfb00000, 0x00000000cfb00000| Untracked 
| 252|0x00000000cfc00000, 0x00000000cfc00000, 0x00000000cfd00000|  0%| F|  |TAMS 0x00000000cfc00000, 0x00000000cfc00000| Untracked 
| 253|0x00000000cfd00000, 0x00000000cfd00000, 0x00000000cfe00000|  0%| F|  |TAMS 0x00000000cfd00000, 0x00000000cfd00000| Untracked 
| 254|0x00000000cfe00000, 0x00000000cfe00000, 0x00000000cff00000|  0%| F|  |TAMS 0x00000000cfe00000, 0x00000000cfe00000| Untracked 
| 255|0x00000000cff00000, 0x00000000cff00000, 0x00000000d0000000|  0%| F|  |TAMS 0x00000000cff00000, 0x00000000cff00000| Untracked 
| 256|0x00000000d0000000, 0x00000000d0000000, 0x00000000d0100000|  0%| F|  |TAMS 0x00000000d0000000, 0x00000000d0000000| Untracked 
| 257|0x00000000d0100000, 0x00000000d0100000, 0x00000000d0200000|  0%| F|  |TAMS 0x00000000d0100000, 0x00000000d0100000| Untracked 
| 258|0x00000000d0200000, 0x00000000d0200000, 0x00000000d0300000|  0%| F|  |TAMS 0x00000000d0200000, 0x00000000d0200000| Untracked 
| 259|0x00000000d0300000, 0x00000000d0300000, 0x00000000d0400000|  0%| F|  |TAMS 0x00000000d0300000, 0x00000000d0300000| Untracked 
| 260|0x00000000d0400000, 0x00000000d0400000, 0x00000000d0500000|  0%| F|  |TAMS 0x00000000d0400000, 0x00000000d0400000| Untracked 
| 261|0x00000000d0500000, 0x00000000d0500000, 0x00000000d0600000|  0%| F|  |TAMS 0x00000000d0500000, 0x00000000d0500000| Untracked 
| 262|0x00000000d0600000, 0x00000000d0600000, 0x00000000d0700000|  0%| F|  |TAMS 0x00000000d0600000, 0x00000000d0600000| Untracked 
| 263|0x00000000d0700000, 0x00000000d0700000, 0x00000000d0800000|  0%| F|  |TAMS 0x00000000d0700000, 0x00000000d0700000| Untracked 
| 264|0x00000000d0800000, 0x00000000d0800000, 0x00000000d0900000|  0%| F|  |TAMS 0x00000000d0800000, 0x00000000d0800000| Untracked 
| 265|0x00000000d0900000, 0x00000000d0900000, 0x00000000d0a00000|  0%| F|  |TAMS 0x00000000d0900000, 0x00000000d0900000| Untracked 
| 266|0x00000000d0a00000, 0x00000000d0a00000, 0x00000000d0b00000|  0%| F|  |TAMS 0x00000000d0a00000, 0x00000000d0a00000| Untracked 
| 267|0x00000000d0b00000, 0x00000000d0b00000, 0x00000000d0c00000|  0%| F|  |TAMS 0x00000000d0b00000, 0x00000000d0b00000| Untracked 
| 268|0x00000000d0c00000, 0x00000000d0c00000, 0x00000000d0d00000|  0%| F|  |TAMS 0x00000000d0c00000, 0x00000000d0c00000| Untracked 
| 269|0x00000000d0d00000, 0x00000000d0d00000, 0x00000000d0e00000|  0%| F|  |TAMS 0x00000000d0d00000, 0x00000000d0d00000| Untracked 
| 270|0x00000000d0e00000, 0x00000000d0e00000, 0x00000000d0f00000|  0%| F|  |TAMS 0x00000000d0e00000, 0x00000000d0e00000| Untracked 
| 271|0x00000000d0f00000, 0x00000000d0f00000, 0x00000000d1000000|  0%| F|  |TAMS 0x00000000d0f00000, 0x00000000d0f00000| Untracked 
| 272|0x00000000d1000000, 0x00000000d1000000, 0x00000000d1100000|  0%| F|  |TAMS 0x00000000d1000000, 0x00000000d1000000| Untracked 
| 273|0x00000000d1100000, 0x00000000d1100000, 0x00000000d1200000|  0%| F|  |TAMS 0x00000000d1100000, 0x00000000d1100000| Untracked 
| 274|0x00000000d1200000, 0x00000000d1200000, 0x00000000d1300000|  0%| F|  |TAMS 0x00000000d1200000, 0x00000000d1200000| Untracked 
| 275|0x00000000d1300000, 0x00000000d1300000, 0x00000000d1400000|  0%| F|  |TAMS 0x00000000d1300000, 0x00000000d1300000| Untracked 
| 276|0x00000000d1400000, 0x00000000d1400000, 0x00000000d1500000|  0%| F|  |TAMS 0x00000000d1400000, 0x00000000d1400000| Untracked 
| 277|0x00000000d1500000, 0x00000000d1500000, 0x00000000d1600000|  0%| F|  |TAMS 0x00000000d1500000, 0x00000000d1500000| Untracked 
| 278|0x00000000d1600000, 0x00000000d1600000, 0x00000000d1700000|  0%| F|  |TAMS 0x00000000d1600000, 0x00000000d1600000| Untracked 
| 279|0x00000000d1700000, 0x00000000d1700000, 0x00000000d1800000|  0%| F|  |TAMS 0x00000000d1700000, 0x00000000d1700000| Untracked 
| 280|0x00000000d1800000, 0x00000000d1800000, 0x00000000d1900000|  0%| F|  |TAMS 0x00000000d1800000, 0x00000000d1800000| Untracked 
| 281|0x00000000d1900000, 0x00000000d1900000, 0x00000000d1a00000|  0%| F|  |TAMS 0x00000000d1900000, 0x00000000d1900000| Untracked 
| 282|0x00000000d1a00000, 0x00000000d1a00000, 0x00000000d1b00000|  0%| F|  |TAMS 0x00000000d1a00000, 0x00000000d1a00000| Untracked 
| 283|0x00000000d1b00000, 0x00000000d1b00000, 0x00000000d1c00000|  0%| F|  |TAMS 0x00000000d1b00000, 0x00000000d1b00000| Untracked 
| 284|0x00000000d1c00000, 0x00000000d1c00000, 0x00000000d1d00000|  0%| F|  |TAMS 0x00000000d1c00000, 0x00000000d1c00000| Untracked 
| 285|0x00000000d1d00000, 0x00000000d1d00000, 0x00000000d1e00000|  0%| F|  |TAMS 0x00000000d1d00000, 0x00000000d1d00000| Untracked 
| 286|0x00000000d1e00000, 0x00000000d1e00000, 0x00000000d1f00000|  0%| F|  |TAMS 0x00000000d1e00000, 0x00000000d1e00000| Untracked 
| 287|0x00000000d1f00000, 0x00000000d1f00000, 0x00000000d2000000|  0%| F|  |TAMS 0x00000000d1f00000, 0x00000000d1f00000| Untracked 
| 288|0x00000000d2000000, 0x00000000d2000000, 0x00000000d2100000|  0%| F|  |TAMS 0x00000000d2000000, 0x00000000d2000000| Untracked 
| 289|0x00000000d2100000, 0x00000000d2100000, 0x00000000d2200000|  0%| F|  |TAMS 0x00000000d2100000, 0x00000000d2100000| Untracked 
| 290|0x00000000d2200000, 0x00000000d2200000, 0x00000000d2300000|  0%| F|  |TAMS 0x00000000d2200000, 0x00000000d2200000| Untracked 
| 291|0x00000000d2300000, 0x00000000d2300000, 0x00000000d2400000|  0%| F|  |TAMS 0x00000000d2300000, 0x00000000d2300000| Untracked 
| 292|0x00000000d2400000, 0x00000000d2400000, 0x00000000d2500000|  0%| F|  |TAMS 0x00000000d2400000, 0x00000000d2400000| Untracked 
| 293|0x00000000d2500000, 0x00000000d2500000, 0x00000000d2600000|  0%| F|  |TAMS 0x00000000d2500000, 0x00000000d2500000| Untracked 
| 294|0x00000000d2600000, 0x00000000d2600000, 0x00000000d2700000|  0%| F|  |TAMS 0x00000000d2600000, 0x00000000d2600000| Untracked 
| 295|0x00000000d2700000, 0x00000000d2700000, 0x00000000d2800000|  0%| F|  |TAMS 0x00000000d2700000, 0x00000000d2700000| Untracked 
| 296|0x00000000d2800000, 0x00000000d286ec48, 0x00000000d2900000| 43%| E|  |TAMS 0x00000000d2800000, 0x00000000d2800000| Complete 

Card table byte_map: [0x0000019aac6a0000,0x0000019aac8a0000] _byte_map_base: 0x0000019aac0a0000

Marking Bits (Prev, Next): (CMBitMap*) 0x0000019aa6763810, (CMBitMap*) 0x0000019aa6763850
 Prev Bits: [0x0000019aacaa0000, 0x0000019aadaa0000)
 Next Bits: [0x0000019aadaa0000, 0x0000019aaeaa0000)

Polling page: 0x0000019aa4710000

Metaspace:

Usage:
  Non-class:     60.73 MB used.
      Class:      9.68 MB used.
       Both:     70.41 MB used.

Virtual space:
  Non-class space:       64.00 MB reserved,      61.00 MB ( 95%) committed,  8 nodes.
      Class space:        1.00 GB reserved,       9.94 MB ( <1%) committed,  1 nodes.
             Both:        1.06 GB reserved,      70.94 MB (  7%) committed. 

Chunk freelists:
   Non-Class:  2.94 MB
       Class:  2.01 MB
        Both:  4.94 MB

MaxMetaspaceSize: unlimited
CompressedClassSpaceSize: 1.00 GB
Initial GC threshold: 21.00 MB
Current GC threshold: 118.25 MB
CDS: off
MetaspaceReclaimPolicy: balanced
 - commit_granule_bytes: 65536.
 - commit_granule_words: 8192.
 - virtual_space_node_default_size: 1048576.
 - enlarge_chunks_in_place: 1.
 - new_chunks_are_fully_committed: 0.
 - uncommit_free_chunks: 1.
 - use_allocation_guard: 0.
 - handle_deallocations: 1.


Internal statistics:

num_allocs_failed_limit: 8.
num_arena_births: 1046.
num_arena_deaths: 330.
num_vsnodes_births: 9.
num_vsnodes_deaths: 0.
num_space_committed: 1135.
num_space_uncommitted: 0.
num_chunks_returned_to_freelist: 424.
num_chunks_taken_from_freelist: 3577.
num_chunk_merges: 122.
num_chunk_splits: 2312.
num_chunks_enlarged: 1656.
num_purges: 26.
num_inconsistent_stats: 0.

CodeCache: size=49152Kb used=30121Kb max_used=31100Kb free=19030Kb
 bounds [0x0000019aa9390000, 0x0000019aab260000, 0x0000019aac390000]
 total_blobs=16460 nmethods=15760 adapters=624
 compilation: enabled
              stopped_count=0, restarted_count=0
 full_count=0

Compilation events (20 events):
Event: 3929.873 Thread 0x0000019ab1568b50 16022       1       org.openrewrite.java.tree.J$MethodDeclaration::withName (16 bytes)
Event: 3929.874 Thread 0x0000019ab1568b50 nmethod 16022 0x0000019aab102b90 code [0x0000019aab102d40, 0x0000019aab102f98]
Event: 3929.874 Thread 0x0000019ab1568b50 16023       1       org.openrewrite.java.tree.J$MethodDeclaration$IdentifierWithAnnotations::withIdentifier (25 bytes)
Event: 3929.874 Thread 0x0000019ab1568b50 nmethod 16023 0x0000019aab102790 code [0x0000019aab102920, 0x0000019aab102af8]
Event: 3935.204 Thread 0x0000019ab1568b50 16024       1       com.sun.tools.javac.comp.ArgumentAttr$ArgumentType::<init> (33 bytes)
Event: 3935.205 Thread 0x0000019ab1568b50 nmethod 16024 0x0000019aab102190 code [0x0000019aab102340, 0x0000019aab102618]
Event: 3935.205 Thread 0x0000019ab1568b50 16025       1       com.sun.tools.javac.comp.ArgumentAttr$$Lambda$1199/0x00000001009630a0::apply (16 bytes)
Event: 3935.205 Thread 0x0000019ab1568b50 nmethod 16025 0x0000019aab101b90 code [0x0000019aab101d40, 0x0000019aab102028]
Event: 3935.205 Thread 0x0000019ab1568b50 16026       1       com.sun.tools.javac.comp.ArgumentAttr::lambda$visitApply$5 (15 bytes)
Event: 3935.205 Thread 0x0000019ab1568b50 nmethod 16026 0x0000019aab101610 code [0x0000019aab1017c0, 0x0000019aab101a68]
Event: 3935.205 Thread 0x0000019ab1568b50 16027       1       com.sun.tools.javac.comp.ArgumentAttr$ResolvedMethodType::<init> (17 bytes)
Event: 3935.206 Thread 0x0000019ab1568b50 nmethod 16027 0x0000019aab101110 code [0x0000019aab1012c0, 0x0000019aab1014e8]
Event: 3935.206 Thread 0x0000019ab1568b50 16028       1       com.sun.tools.javac.comp.ArgumentAttr$ResolvedMethodType::<init> (17 bytes)
Event: 3935.206 Thread 0x0000019ab1568b50 nmethod 16028 0x0000019aab100d10 code [0x0000019aab100ea0, 0x0000019aab101028]
Event: 3935.206 Thread 0x0000019ab1568b50 16029       1       com.sun.tools.javac.comp.ArgumentAttr$ResolvedMemberType::<init> (17 bytes)
Event: 3935.206 Thread 0x0000019ab1568b50 nmethod 16029 0x0000019aab100710 code [0x0000019aab1008c0, 0x0000019aab100bf8]
Event: 3935.211 Thread 0x0000019ab1568b50 16030       1       org.openrewrite.java.JavaIsoVisitor::visitReturn (7 bytes)
Event: 3935.211 Thread 0x0000019ab1568b50 nmethod 16030 0x0000019aab100410 code [0x0000019aab1005a0, 0x0000019aab100688]
Event: 3995.526 Thread 0x0000019ab1568b50 16031       1       java.util.IdentityHashMap$IdentityHashMapIterator::hasNext (50 bytes)
Event: 3995.526 Thread 0x0000019ab1568b50 nmethod 16031 0x0000019aab100010 code [0x0000019aab1001a0, 0x0000019aab1002f8]

GC Heap History (20 events):
Event: 3852.240 GC heap before
{Heap before GC invocations=285 (full 140):
 garbage-first heap   total 304128K, used 260897K [0x00000000c0000000, 0x0000000100000000)
  region size 1024K, 168 young (172032K), 4 survivors (4096K)
 Metaspace       used 71817K, committed 72448K, reserved 1114112K
  class space    used 9862K, committed 10176K, reserved 1048576K
}
Event: 3852.244 GC heap after
{Heap after GC invocations=286 (full 140):
 garbage-first heap   total 304128K, used 92248K [0x00000000c0000000, 0x0000000100000000)
  region size 1024K, 3 young (3072K), 3 survivors (3072K)
 Metaspace       used 71817K, committed 72448K, reserved 1114112K
  class space    used 9862K, committed 10176K, reserved 1048576K
}
Event: 3852.717 GC heap before
{Heap before GC invocations=286 (full 140):
 garbage-first heap   total 304128K, used 262232K [0x00000000c0000000, 0x0000000100000000)
  region size 1024K, 169 young (173056K), 3 survivors (3072K)
 Metaspace       used 71824K, committed 72448K, reserved 1114112K
  class space    used 9864K, committed 10176K, reserved 1048576K
}
Event: 3852.723 GC heap after
{Heap after GC invocations=287 (full 140):
 garbage-first heap   total 304128K, used 92492K [0x00000000c0000000, 0x0000000100000000)
  region size 1024K, 3 young (3072K), 3 survivors (3072K)
 Metaspace       used 71824K, committed 72448K, reserved 1114112K
  class space    used 9864K, committed 10176K, reserved 1048576K
}
Event: 3853.290 GC heap before
{Heap before GC invocations=287 (full 140):
 garbage-first heap   total 304128K, used 264524K [0x00000000c0000000, 0x0000000100000000)
  region size 1024K, 171 young (175104K), 3 survivors (3072K)
 Metaspace       used 71889K, committed 72512K, reserved 1114112K
  class space    used 9880K, committed 10176K, reserved 1048576K
}
Event: 3853.295 GC heap after
{Heap after GC invocations=288 (full 140):
 garbage-first heap   total 304128K, used 92736K [0x00000000c0000000, 0x0000000100000000)
  region size 1024K, 3 young (3072K), 3 survivors (3072K)
 Metaspace       used 71889K, committed 72512K, reserved 1114112K
  class space    used 9880K, committed 10176K, reserved 1048576K
}
Event: 3861.563 GC heap before
{Heap before GC invocations=288 (full 140):
 garbage-first heap   total 304128K, used 264768K [0x00000000c0000000, 0x0000000100000000)
  region size 1024K, 172 young (176128K), 3 survivors (3072K)
 Metaspace       used 72101K, committed 72640K, reserved 1114112K
  class space    used 9916K, committed 10176K, reserved 1048576K
}
Event: 3861.569 GC heap after
{Heap after GC invocations=289 (full 140):
 garbage-first heap   total 304128K, used 94320K [0x00000000c0000000, 0x0000000100000000)
  region size 1024K, 5 young (5120K), 5 survivors (5120K)
 Metaspace       used 72101K, committed 72640K, reserved 1114112K
  class space    used 9916K, committed 10176K, reserved 1048576K
}
Event: 3906.577 GC heap before
{Heap before GC invocations=289 (full 140):
 garbage-first heap   total 304128K, used 173168K [0x00000000c0000000, 0x0000000100000000)
  region size 1024K, 83 young (84992K), 5 survivors (5120K)
 Metaspace       used 72101K, committed 72640K, reserved 1114112K
  class space    used 9916K, committed 10176K, reserved 1048576K
}
Event: 3906.664 GC heap after
{Heap after GC invocations=290 (full 141):
 garbage-first heap   total 304128K, used 91852K [0x00000000c0000000, 0x0000000100000000)
  region size 1024K, 0 young (0K), 0 survivors (0K)
 Metaspace       used 72101K, committed 72640K, reserved 1114112K
  class space    used 9916K, committed 10176K, reserved 1048576K
}
Event: 3917.158 GC heap before
{Heap before GC invocations=290 (full 141):
 garbage-first heap   total 304128K, used 91852K [0x00000000c0000000, 0x0000000100000000)
  region size 1024K, 1 young (1024K), 0 survivors (0K)
 Metaspace       used 72101K, committed 72640K, reserved 1114112K
  class space    used 9916K, committed 10176K, reserved 1048576K
}
Event: 3917.258 GC heap after
{Heap after GC invocations=291 (full 142):
 garbage-first heap   total 304128K, used 90844K [0x00000000c0000000, 0x0000000100000000)
  region size 1024K, 0 young (0K), 0 survivors (0K)
 Metaspace       used 72101K, committed 72640K, reserved 1114112K
  class space    used 9916K, committed 10176K, reserved 1048576K
}
Event: 3927.510 GC heap before
{Heap before GC invocations=291 (full 142):
 garbage-first heap   total 304128K, used 90844K [0x00000000c0000000, 0x0000000100000000)
  region size 1024K, 1 young (1024K), 0 survivors (0K)
 Metaspace       used 72101K, committed 72640K, reserved 1114112K
  class space    used 9916K, committed 10176K, reserved 1048576K
}
Event: 3927.583 GC heap after
{Heap after GC invocations=292 (full 143):
 garbage-first heap   total 304128K, used 90844K [0x00000000c0000000, 0x0000000100000000)
  region size 1024K, 0 young (0K), 0 survivors (0K)
 Metaspace       used 72101K, committed 72640K, reserved 1114112K
  class space    used 9916K, committed 10176K, reserved 1048576K
}
Event: 3977.850 GC heap before
{Heap before GC invocations=292 (full 143):
 garbage-first heap   total 304128K, used 211676K [0x00000000c0000000, 0x0000000100000000)
  region size 1024K, 120 young (122880K), 0 survivors (0K)
 Metaspace       used 72101K, committed 72640K, reserved 1114112K
  class space    used 9916K, committed 10176K, reserved 1048576K
}
Event: 3977.929 GC heap after
{Heap after GC invocations=293 (full 144):
 garbage-first heap   total 304128K, used 91952K [0x00000000c0000000, 0x0000000100000000)
  region size 1024K, 0 young (0K), 0 survivors (0K)
 Metaspace       used 72101K, committed 72640K, reserved 1114112K
  class space    used 9916K, committed 10176K, reserved 1048576K
}
Event: 3988.204 GC heap before
{Heap before GC invocations=293 (full 144):
 garbage-first heap   total 304128K, used 91952K [0x00000000c0000000, 0x0000000100000000)
  region size 1024K, 1 young (1024K), 0 survivors (0K)
 Metaspace       used 72101K, committed 72640K, reserved 1114112K
  class space    used 9916K, committed 10176K, reserved 1048576K
}
Event: 3988.293 GC heap after
{Heap after GC invocations=294 (full 145):
 garbage-first heap   total 304128K, used 90943K [0x00000000c0000000, 0x0000000100000000)
  region size 1024K, 0 young (0K), 0 survivors (0K)
 Metaspace       used 72101K, committed 72640K, reserved 1114112K
  class space    used 9916K, committed 10176K, reserved 1048576K
}
Event: 3998.821 GC heap before
{Heap before GC invocations=294 (full 145):
 garbage-first heap   total 304128K, used 91967K [0x00000000c0000000, 0x0000000100000000)
  region size 1024K, 2 young (2048K), 0 survivors (0K)
 Metaspace       used 72101K, committed 72640K, reserved 1114112K
  class space    used 9916K, committed 10176K, reserved 1048576K
}
Event: 3998.938 GC heap after
{Heap after GC invocations=295 (full 146):
 garbage-first heap   total 304128K, used 90934K [0x00000000c0000000, 0x0000000100000000)
  region size 1024K, 0 young (0K), 0 survivors (0K)
 Metaspace       used 72101K, committed 72640K, reserved 1114112K
  class space    used 9916K, committed 10176K, reserved 1048576K
}

Dll operation events (10 events):
Event: 0.363 Loaded shared library c:\Users\nguyen huu tri\.vscode\extensions\redhat.java-1.16.0-win32-x64\jre\17.0.6-win32-x86_64\bin\java.dll
Event: 1.739 Loaded shared library C:\Users\nguyen huu tri\.vscode\extensions\redhat.java-1.16.0-win32-x64\jre\17.0.6-win32-x86_64\bin\net.dll
Event: 1.751 Loaded shared library C:\Users\nguyen huu tri\.vscode\extensions\redhat.java-1.16.0-win32-x64\jre\17.0.6-win32-x86_64\bin\nio.dll
Event: 1.778 Loaded shared library C:\Users\nguyen huu tri\.vscode\extensions\redhat.java-1.16.0-win32-x64\jre\17.0.6-win32-x86_64\bin\zip.dll
Event: 2.938 Loaded shared library C:\Users\nguyen huu tri\.vscode\extensions\redhat.java-1.16.0-win32-x64\jre\17.0.6-win32-x86_64\bin\jimage.dll
Event: 9.508 Loaded shared library C:\Users\nguyen huu tri\.vscode\extensions\redhat.java-1.16.0-win32-x64\jre\17.0.6-win32-x86_64\bin\management.dll
Event: 9.517 Loaded shared library C:\Users\nguyen huu tri\.vscode\extensions\redhat.java-1.16.0-win32-x64\jre\17.0.6-win32-x86_64\bin\management_ext.dll
Event: 12.755 Loaded shared library C:\Users\nguyen huu tri\.vscode\extensions\redhat.java-1.16.0-win32-x64\jre\17.0.6-win32-x86_64\bin\sunmscapi.dll
Event: 23.453 Loaded shared library c:\Users\nguyen huu tri\.vscode\extensions\redhat.java-1.16.0-win32-x64\jre\17.0.6-win32-x86_64\bin\verify.dll
Event: 28.518 Loaded shared library C:\Users\nguyen huu tri\AppData\Local\Temp\snappy-1.1.8-d37c671e-5ec9-4a51-93bf-d7e4d64d6b68-snappyjava.dll

Deoptimization events (20 events):
Event: 3851.015 Thread 0x0000019ab3ef7ac0 DEOPT PACKING pc=0x0000019aaa4aae9c sp=0x00000080fd3fceb0
Event: 3851.015 Thread 0x0000019ab3ef7ac0 DEOPT UNPACKING pc=0x0000019aa93e7143 sp=0x00000080fd3fc4c0 mode 0
Event: 3851.015 Thread 0x0000019ab3ef7ac0 DEOPT PACKING pc=0x0000019aaa78a88c sp=0x00000080fd3fd1c0
Event: 3851.015 Thread 0x0000019ab3ef7ac0 DEOPT UNPACKING pc=0x0000019aa93e7143 sp=0x00000080fd3fc7a0 mode 0
Event: 3851.015 Thread 0x0000019ab3ef7ac0 DEOPT PACKING pc=0x0000019aaa4aae9c sp=0x00000080fd3fd470
Event: 3851.015 Thread 0x0000019ab3ef7ac0 DEOPT UNPACKING pc=0x0000019aa93e7143 sp=0x00000080fd3fca80 mode 0
Event: 3851.015 Thread 0x0000019ab3ef7ac0 DEOPT PACKING pc=0x0000019aaa53be14 sp=0x00000080fd3fd830
Event: 3851.015 Thread 0x0000019ab3ef7ac0 DEOPT UNPACKING pc=0x0000019aa93e7143 sp=0x00000080fd3fcc78 mode 0
Event: 3851.015 Thread 0x0000019ab3ef7ac0 DEOPT PACKING pc=0x0000019aaa56cca4 sp=0x00000080fd3fd9b0
Event: 3851.015 Thread 0x0000019ab3ef7ac0 DEOPT UNPACKING pc=0x0000019aa93e7143 sp=0x00000080fd3fcea0 mode 0
Event: 3851.015 Thread 0x0000019ab3ef7ac0 DEOPT PACKING pc=0x0000019aaa4aae9c sp=0x00000080fd3fdb60
Event: 3851.015 Thread 0x0000019ab3ef7ac0 DEOPT UNPACKING pc=0x0000019aa93e7143 sp=0x00000080fd3fd170 mode 0
Event: 3851.015 Thread 0x0000019ab3ef7ac0 DEOPT PACKING pc=0x0000019aaa8c6bd4 sp=0x00000080fd3fde70
Event: 3851.015 Thread 0x0000019ab3ef7ac0 DEOPT UNPACKING pc=0x0000019aa93e7143 sp=0x00000080fd3fd438 mode 0
Event: 3851.015 Thread 0x0000019ab3ef7ac0 DEOPT PACKING pc=0x0000019aaa4aae9c sp=0x00000080fd3fe100
Event: 3851.015 Thread 0x0000019ab3ef7ac0 DEOPT UNPACKING pc=0x0000019aa93e7143 sp=0x00000080fd3fd710 mode 0
Event: 3851.015 Thread 0x0000019ab3ef7ac0 DEOPT PACKING pc=0x0000019aaa60950c sp=0x00000080fd3fe5b0
Event: 3851.015 Thread 0x0000019ab3ef7ac0 DEOPT UNPACKING pc=0x0000019aa93e7143 sp=0x00000080fd3fdac8 mode 0
Event: 3851.015 Thread 0x0000019ab3ef7ac0 DEOPT PACKING pc=0x0000019aaa4aae9c sp=0x00000080fd3fe7c0
Event: 3851.015 Thread 0x0000019ab3ef7ac0 DEOPT UNPACKING pc=0x0000019aa93e7143 sp=0x00000080fd3fddd0 mode 0

Classes unloaded (20 events):
Event: 1732.300 Thread 0x0000019ab152ad40 Unloading class 0x0000000100350c00 'jdk/internal/reflect/GeneratedMethodAccessor39'
Event: 1732.300 Thread 0x0000019ab152ad40 Unloading class 0x0000000100355c00 'jdk/internal/reflect/GeneratedConstructorAccessor78'
Event: 1732.300 Thread 0x0000019ab152ad40 Unloading class 0x000000010035cc00 'jdk/internal/reflect/GeneratedConstructorAccessor76'
Event: 2006.143 Thread 0x0000019ab152ad40 Unloading class 0x000000010035d000 'jdk/internal/reflect/GeneratedMethodAccessor51'
Event: 2006.143 Thread 0x0000019ab152ad40 Unloading class 0x000000010035cc00 'jdk/internal/reflect/GeneratedConstructorAccessor86'
Event: 2006.143 Thread 0x0000019ab152ad40 Unloading class 0x0000000100355c00 'jdk/internal/reflect/GeneratedMethodAccessor50'
Event: 2006.143 Thread 0x0000019ab152ad40 Unloading class 0x0000000100350c00 'jdk/internal/reflect/GeneratedConstructorAccessor85'
Event: 2006.143 Thread 0x0000019ab152ad40 Unloading class 0x000000010034f400 'jdk/internal/reflect/GeneratedMethodAccessor49'
Event: 2006.143 Thread 0x0000019ab152ad40 Unloading class 0x000000010034e000 'jdk/internal/reflect/GeneratedMethodAccessor48'
Event: 2006.143 Thread 0x0000019ab152ad40 Unloading class 0x000000010034d400 'jdk/internal/reflect/GeneratedMethodAccessor47'
Event: 2291.005 Thread 0x0000019ab152ad40 Unloading class 0x00000001009b8400 'jdk/internal/reflect/GeneratedConstructorAccessor88'
Event: 2291.005 Thread 0x0000019ab152ad40 Unloading class 0x00000001009b8000 'jdk/internal/reflect/GeneratedConstructorAccessor87'
Event: 2867.355 Thread 0x0000019ab152ad40 Unloading class 0x000000010034d400 'jdk/internal/reflect/GeneratedMethodAccessor56'
Event: 2867.355 Thread 0x0000019ab152ad40 Unloading class 0x000000010034e000 'jdk/internal/reflect/GeneratedConstructorAccessor90'
Event: 2867.355 Thread 0x0000019ab152ad40 Unloading class 0x000000010034f400 'jdk/internal/reflect/GeneratedMethodAccessor55'
Event: 2867.355 Thread 0x0000019ab152ad40 Unloading class 0x0000000100350c00 'jdk/internal/reflect/GeneratedConstructorAccessor89'
Event: 2867.355 Thread 0x0000019ab152ad40 Unloading class 0x0000000100355c00 'jdk/internal/reflect/GeneratedMethodAccessor54'
Event: 2867.355 Thread 0x0000019ab152ad40 Unloading class 0x000000010035cc00 'jdk/internal/reflect/GeneratedMethodAccessor53'
Event: 2867.355 Thread 0x0000019ab152ad40 Unloading class 0x000000010035d000 'jdk/internal/reflect/GeneratedMethodAccessor52'
Event: 3522.790 Thread 0x0000019ab152ad40 Unloading class 0x00000001009b9000 'jdk/internal/reflect/GeneratedConstructorAccessor95'

Classes redefined (0 events):
No events

Internal exceptions (20 events):
Event: 3852.214 Thread 0x0000019ab3ef7ac0 Exception <a 'java/lang/ClassNotFoundException'{0x00000000c871bc50}: org/openrewrite/java/tree/J$ClassDeclarationCustomizer> (0x00000000c871bc50) 
thrown [s\src\hotspot\share\classfile\systemDictionary.cpp, line 256]
Event: 3852.216 Thread 0x0000019ab3ef7ac0 Exception <a 'java/lang/ClassNotFoundException'{0x00000000c8757d18}: org/openrewrite/java/tree/J$ClassDeclaration$AnnotationsBeanInfo> (0x00000000c8757d18) 
thrown [s\src\hotspot\share\classfile\systemDictionary.cpp, line 256]
Event: 3852.216 Thread 0x0000019ab3ef7ac0 Exception <a 'java/lang/ClassNotFoundException'{0x00000000c875e448}: org/openrewrite/java/tree/J$ClassDeclaration$AnnotationsCustomizer> (0x00000000c875e448) 
thrown [s\src\hotspot\share\classfile\systemDictionary.cpp, line 256]
Event: 3852.760 Thread 0x0000019ab3ef7ac0 Exception <a 'java/lang/ClassNotFoundException'{0x00000000d15701f0}: org/openrewrite/java/tree/J$ClassDeclaration$PaddingBeanInfo> (0x00000000d15701f0) 
thrown [s\src\hotspot\share\classfile\systemDictionary.cpp, line 256]
Event: 3852.760 Thread 0x0000019ab3ef7ac0 Exception <a 'java/lang/ClassNotFoundException'{0x00000000d15766e0}: org/openrewrite/java/tree/J$ClassDeclaration$PaddingCustomizer> (0x00000000d15766e0) 
thrown [s\src\hotspot\share\classfile\systemDictionary.cpp, line 256]
Event: 3852.777 Thread 0x0000019ab3ef7ac0 Exception <a 'java/lang/ClassNotFoundException'{0x00000000d15ccdc8}: org/openrewrite/java/tree/J$CompilationUnitBeanInfo> (0x00000000d15ccdc8) 
thrown [s\src\hotspot\share\classfile\systemDictionary.cpp, line 256]
Event: 3852.778 Thread 0x0000019ab3ef7ac0 Exception <a 'java/lang/ClassNotFoundException'{0x00000000d15d2798}: org/openrewrite/java/tree/J$CompilationUnitCustomizer> (0x00000000d15d2798) 
thrown [s\src\hotspot\share\classfile\systemDictionary.cpp, line 256]
Event: 3853.510 Thread 0x0000019ab3ef7ac0 Exception <a 'java/lang/ClassNotFoundException'{0x00000000cd5d9a70}: org/openrewrite/java/tree/J$CompilationUnit$PaddingBeanInfo> (0x00000000cd5d9a70) 
thrown [s\src\hotspot\share\classfile\systemDictionary.cpp, line 256]
Event: 3853.511 Thread 0x0000019ab3ef7ac0 Exception <a 'java/lang/ClassNotFoundException'{0x00000000cd5df708}: org/openrewrite/java/tree/J$CompilationUnit$PaddingCustomizer> (0x00000000cd5df708) 
thrown [s\src\hotspot\share\classfile\systemDictionary.cpp, line 256]
Event: 3853.526 Thread 0x0000019ab3ef7ac0 Exception <a 'java/lang/NoSuchMethodError'{0x00000000cd42e228}: 'long java.lang.invoke.DirectMethodHandle$Holder.invokeVirtual(java.lang.Object, java.lang.Object)'> (0x00000000cd42e228) 
thrown [s\src\hotspot\share\interpreter\linkResolver.cpp, line 759]
Event: 3853.775 Thread 0x0000019ac049ca40 Exception <a 'sun/nio/fs/WindowsException'{0x00000000cd39bb60}> (0x00000000cd39bb60) 
thrown [s\src\hotspot\share\prims\jni.cpp, line 516]
Event: 3853.952 Thread 0x0000019ac049ca40 Exception <a 'sun/nio/fs/WindowsException'{0x00000000ccf6eaf0}> (0x00000000ccf6eaf0) 
thrown [s\src\hotspot\share\prims\jni.cpp, line 516]
Event: 3861.324 Thread 0x0000019ac049ca40 Exception <a 'sun/nio/fs/WindowsException'{0x00000000cca7c7f8}> (0x00000000cca7c7f8) 
thrown [s\src\hotspot\share\prims\jni.cpp, line 516]
Event: 3861.516 Thread 0x0000019ac049ca40 Exception <a 'sun/nio/fs/WindowsException'{0x00000000c7db4440}> (0x00000000c7db4440) 
thrown [s\src\hotspot\share\prims\jni.cpp, line 516]
Event: 3870.216 Thread 0x0000019ac049ca40 Exception <a 'sun/nio/fs/WindowsException'{0x00000000d26c8c40}> (0x00000000d26c8c40) 
thrown [s\src\hotspot\share\prims\jni.cpp, line 516]
Event: 3870.447 Thread 0x0000019ac049ca40 Exception <a 'sun/nio/fs/WindowsException'{0x00000000d012bee8}> (0x00000000d012bee8) 
thrown [s\src\hotspot\share\prims\jni.cpp, line 516]
Event: 3929.621 Thread 0x0000019ac049ca40 Exception <a 'sun/nio/fs/WindowsException'{0x00000000d28722f0}> (0x00000000d28722f0) 
thrown [s\src\hotspot\share\prims\jni.cpp, line 516]
Event: 3929.770 Thread 0x0000019ac049ca40 Exception <a 'sun/nio/fs/WindowsException'{0x00000000d0d1ce40}> (0x00000000d0d1ce40) 
thrown [s\src\hotspot\share\prims\jni.cpp, line 516]
Event: 3935.065 Thread 0x0000019ac049ca40 Exception <a 'sun/nio/fs/WindowsException'{0x00000000cf8770f0}> (0x00000000cf8770f0) 
thrown [s\src\hotspot\share\prims\jni.cpp, line 516]
Event: 3935.199 Thread 0x0000019ac049ca40 Exception <a 'sun/nio/fs/WindowsException'{0x00000000cd35f330}> (0x00000000cd35f330) 
thrown [s\src\hotspot\share\prims\jni.cpp, line 516]

VM Operations (20 events):
Event: 3862.578 Executing VM operation: Cleanup done
Event: 3870.639 Executing VM operation: Cleanup
Event: 3870.639 Executing VM operation: Cleanup done
Event: 3906.576 Executing VM operation: G1CollectFull
Event: 3906.665 Executing VM operation: G1CollectFull done
Event: 3917.158 Executing VM operation: G1CollectFull
Event: 3917.258 Executing VM operation: G1CollectFull done
Event: 3927.509 Executing VM operation: G1CollectFull
Event: 3927.583 Executing VM operation: G1CollectFull done
Event: 3930.609 Executing VM operation: Cleanup
Event: 3930.609 Executing VM operation: Cleanup done
Event: 3935.651 Executing VM operation: Cleanup
Event: 3935.652 Executing VM operation: Cleanup done
Event: 3977.849 Executing VM operation: G1CollectFull
Event: 3977.930 Executing VM operation: G1CollectFull done
Event: 3988.204 Executing VM operation: G1CollectFull
Event: 3988.294 Executing VM operation: G1CollectFull done
Event: 3998.820 Executing VM operation: G1CollectFull
Event: 3998.938 Executing VM operation: G1CollectFull done
Event: 4009.088 Executing VM operation: G1CollectFull

Events (20 events):
Event: 3851.096 loading class java/beans/GenericBeanInfo
Event: 3851.097 loading class java/beans/GenericBeanInfo done
Event: 3851.125 loading class sun/reflect/generics/tree/BooleanSignature
Event: 3851.126 loading class sun/reflect/generics/tree/BooleanSignature done
Event: 3851.141 Thread 0x0000019ab6025570 Thread added: 0x0000019ab6025570
Event: 3851.141 Thread 0x0000019ab60264a0 Thread added: 0x0000019ab60264a0
Event: 3852.782 loading class sun/reflect/generics/tree/LongSignature
Event: 3852.782 loading class sun/reflect/generics/tree/LongSignature done
Event: 3859.249 Thread 0x0000019ab60264a0 Thread exited: 0x0000019ab60264a0
Event: 3861.517 Thread 0x0000019ab6025570 Thread exited: 0x0000019ab6025570
Event: 3871.617 Thread 0x0000019ab6bb9530 Thread added: 0x0000019ab6bb9530
Event: 3905.457 Thread 0x0000019ab3ef9c70 Thread exited: 0x0000019ab3ef9c70
Event: 3913.554 Thread 0x0000019ab3ef7ac0 Thread exited: 0x0000019ab3ef7ac0
Event: 3931.636 Thread 0x0000019ab6bb9530 Thread exited: 0x0000019ab6bb9530
Event: 3937.744 Thread 0x0000019ab3ea0a00 Thread added: 0x0000019ab3ea0a00
Event: 3995.430 Thread 0x0000019ab3ea1870 Thread exited: 0x0000019ab3ea1870
Event: 3995.526 Thread 0x0000019ab3efc7c0 Thread exited: 0x0000019ab3efc7c0
Event: 3997.751 Thread 0x0000019ab3ea0a00 Thread exited: 0x0000019ab3ea0a00
Event: 3999.631 Thread 0x0000019ac049ca40 Thread exited: 0x0000019ac049ca40
Event: 3999.647 Thread 0x0000019ab3efdb00 Thread exited: 0x0000019ab3efdb00


Dynamic libraries:
0x00007ff706c20000 - 0x00007ff706c2e000 	c:\Users\nguyen huu tri\.vscode\extensions\redhat.java-1.16.0-win32-x64\jre\17.0.6-win32-x86_64\bin\java.exe
0x00007ffbeab50000 - 0x00007ffbead64000 	C:\WINDOWS\SYSTEM32\ntdll.dll
0x00007ffbea200000 - 0x00007ffbea2c3000 	C:\WINDOWS\System32\KERNEL32.DLL
0x00007ffbe8380000 - 0x00007ffbe871c000 	C:\WINDOWS\System32\KERNELBASE.dll
0x00007ffbe5140000 - 0x00007ffbe51d7000 	C:\WINDOWS\SYSTEM32\apphelp.dll
0x00007ffbe8080000 - 0x00007ffbe8191000 	C:\WINDOWS\System32\ucrtbase.dll
0x00007ffbd7d30000 - 0x00007ffbd7d47000 	c:\Users\nguyen huu tri\.vscode\extensions\redhat.java-1.16.0-win32-x64\jre\17.0.6-win32-x86_64\bin\jli.dll
0x00007ffbea410000 - 0x00007ffbea5bd000 	C:\WINDOWS\System32\USER32.dll
0x00007ffbe8050000 - 0x00007ffbe8076000 	C:\WINDOWS\System32\win32u.dll
0x00007ffbe99a0000 - 0x00007ffbe99c9000 	C:\WINDOWS\System32\GDI32.dll
0x00007ffbe81a0000 - 0x00007ffbe82b3000 	C:\WINDOWS\System32\gdi32full.dll
0x00007ffbe8720000 - 0x00007ffbe87ba000 	C:\WINDOWS\System32\msvcp_win.dll
0x00007ffbd6d70000 - 0x00007ffbd6d89000 	c:\Users\nguyen huu tri\.vscode\extensions\redhat.java-1.16.0-win32-x64\jre\17.0.6-win32-x86_64\bin\VCRUNTIME140.dll
0x00007ffbd4880000 - 0x00007ffbd4b0e000 	C:\WINDOWS\WinSxS\amd64_microsoft.windows.common-controls_6595b64144ccf1df_6.0.22621.608_none_a9444ca7c10bb01d\COMCTL32.dll
0x00007ffbe9cf0000 - 0x00007ffbe9d97000 	C:\WINDOWS\System32\msvcrt.dll
0x00007ffbea940000 - 0x00007ffbea971000 	C:\WINDOWS\System32\IMM32.DLL
0x00007ffbd6d60000 - 0x00007ffbd6d6c000 	c:\Users\nguyen huu tri\.vscode\extensions\redhat.java-1.16.0-win32-x64\jre\17.0.6-win32-x86_64\bin\vcruntime140_1.dll
0x00007ffbaadd0000 - 0x00007ffbaae61000 	c:\Users\nguyen huu tri\.vscode\extensions\redhat.java-1.16.0-win32-x64\jre\17.0.6-win32-x86_64\bin\msvcp140.dll
0x00007ffb9ad30000 - 0x00007ffb9b977000 	c:\Users\nguyen huu tri\.vscode\extensions\redhat.java-1.16.0-win32-x64\jre\17.0.6-win32-x86_64\bin\server\jvm.dll
0x00007ffbe9bc0000 - 0x00007ffbe9c6e000 	C:\WINDOWS\System32\ADVAPI32.dll
0x00007ffbea5c0000 - 0x00007ffbea664000 	C:\WINDOWS\System32\sechost.dll
0x00007ffbea2d0000 - 0x00007ffbea3e5000 	C:\WINDOWS\System32\RPCRT4.dll
0x00007ffbd3030000 - 0x00007ffbd3039000 	C:\WINDOWS\SYSTEM32\WSOCK32.dll
0x00007ffbdf0a0000 - 0x00007ffbdf0d4000 	C:\WINDOWS\SYSTEM32\WINMM.dll
0x00007ffbd9e80000 - 0x00007ffbd9e8a000 	C:\WINDOWS\SYSTEM32\VERSION.dll
0x00007ffbe9c70000 - 0x00007ffbe9ce1000 	C:\WINDOWS\System32\WS2_32.dll
0x00007ffbe6fe0000 - 0x00007ffbe6ff8000 	C:\WINDOWS\SYSTEM32\kernel.appcore.dll
0x00007ffbd6220000 - 0x00007ffbd622a000 	c:\Users\nguyen huu tri\.vscode\extensions\redhat.java-1.16.0-win32-x64\jre\17.0.6-win32-x86_64\bin\jimage.dll
0x00007ffbe30e0000 - 0x00007ffbe330e000 	C:\WINDOWS\SYSTEM32\DBGHELP.DLL
0x00007ffbe9e70000 - 0x00007ffbea1f9000 	C:\WINDOWS\System32\combase.dll
0x00007ffbe9a70000 - 0x00007ffbe9b47000 	C:\WINDOWS\System32\OLEAUT32.dll
0x00007ffbd6bc0000 - 0x00007ffbd6bf2000 	C:\WINDOWS\SYSTEM32\dbgcore.DLL
0x00007ffbe7f60000 - 0x00007ffbe7fdb000 	C:\WINDOWS\System32\bcryptPrimitives.dll
0x00007ffbd3880000 - 0x00007ffbd38a5000 	c:\Users\nguyen huu tri\.vscode\extensions\redhat.java-1.16.0-win32-x64\jre\17.0.6-win32-x86_64\bin\java.dll
0x00007ffbd6200000 - 0x00007ffbd6218000 	c:\Users\nguyen huu tri\.vscode\extensions\redhat.java-1.16.0-win32-x64\jre\17.0.6-win32-x86_64\bin\zip.dll
0x00007ffbe8990000 - 0x00007ffbe9180000 	C:\WINDOWS\System32\SHELL32.dll
0x00007ffbe5f20000 - 0x00007ffbe67ee000 	C:\WINDOWS\SYSTEM32\windows.storage.dll
0x00007ffbe5de0000 - 0x00007ffbe5f1e000 	C:\WINDOWS\SYSTEM32\wintypes.dll
0x00007ffbe9180000 - 0x00007ffbe9271000 	C:\WINDOWS\System32\SHCORE.dll
0x00007ffbe9280000 - 0x00007ffbe92de000 	C:\WINDOWS\System32\shlwapi.dll
0x00007ffbe7e90000 - 0x00007ffbe7eb1000 	C:\WINDOWS\SYSTEM32\profapi.dll
0x00007ffbd1250000 - 0x00007ffbd1269000 	C:\Users\nguyen huu tri\.vscode\extensions\redhat.java-1.16.0-win32-x64\jre\17.0.6-win32-x86_64\bin\net.dll
0x00007ffbe07b0000 - 0x00007ffbe08df000 	C:\WINDOWS\SYSTEM32\WINHTTP.dll
0x00007ffbe74c0000 - 0x00007ffbe7529000 	C:\WINDOWS\system32\mswsock.dll
0x00007ffbc6850000 - 0x00007ffbc6865000 	C:\Users\nguyen huu tri\.vscode\extensions\redhat.java-1.16.0-win32-x64\jre\17.0.6-win32-x86_64\bin\nio.dll
0x00007ffbe77e0000 - 0x00007ffbe77fb000 	C:\WINDOWS\SYSTEM32\CRYPTSP.dll
0x00007ffbe6f50000 - 0x00007ffbe6f85000 	C:\WINDOWS\system32\rsaenh.dll
0x00007ffbe7560000 - 0x00007ffbe7588000 	C:\WINDOWS\SYSTEM32\USERENV.dll
0x00007ffbe7910000 - 0x00007ffbe7938000 	C:\WINDOWS\SYSTEM32\bcrypt.dll
0x00007ffbe77c0000 - 0x00007ffbe77cc000 	C:\WINDOWS\SYSTEM32\CRYPTBASE.dll
0x00007ffbe6a40000 - 0x00007ffbe6a6d000 	C:\WINDOWS\SYSTEM32\IPHLPAPI.DLL
0x00007ffbe9da0000 - 0x00007ffbe9da9000 	C:\WINDOWS\System32\NSI.dll
0x00007ffbe0790000 - 0x00007ffbe07a9000 	C:\WINDOWS\SYSTEM32\dhcpcsvc6.DLL
0x00007ffbe0770000 - 0x00007ffbe078f000 	C:\WINDOWS\SYSTEM32\dhcpcsvc.DLL
0x00007ffbe6ab0000 - 0x00007ffbe6ba3000 	C:\WINDOWS\SYSTEM32\DNSAPI.dll
0x00007ffbd5180000 - 0x00007ffbd5189000 	C:\Users\nguyen huu tri\.vscode\extensions\redhat.java-1.16.0-win32-x64\jre\17.0.6-win32-x86_64\bin\management.dll
0x00007ffbd4870000 - 0x00007ffbd487b000 	C:\Users\nguyen huu tri\.vscode\extensions\redhat.java-1.16.0-win32-x64\jre\17.0.6-win32-x86_64\bin\management_ext.dll
0x00007ffbea790000 - 0x00007ffbea798000 	C:\WINDOWS\System32\PSAPI.DLL
0x00007ffbd3a60000 - 0x00007ffbd3a6e000 	C:\Users\nguyen huu tri\.vscode\extensions\redhat.java-1.16.0-win32-x64\jre\17.0.6-win32-x86_64\bin\sunmscapi.dll
0x00007ffbe87c0000 - 0x00007ffbe8926000 	C:\WINDOWS\System32\CRYPT32.dll
0x00007ffbe78e0000 - 0x00007ffbe790d000 	C:\WINDOWS\SYSTEM32\ncrypt.dll
0x00007ffbe78a0000 - 0x00007ffbe78d7000 	C:\WINDOWS\SYSTEM32\NTASN1.dll
0x00007ffbd90c0000 - 0x00007ffbd90ca000 	C:\Windows\System32\rasadhlp.dll
0x00007ffbd9be0000 - 0x00007ffbd9c63000 	C:\WINDOWS\System32\fwpuclnt.dll
0x00007ffbd3810000 - 0x00007ffbd3820000 	c:\Users\nguyen huu tri\.vscode\extensions\redhat.java-1.16.0-win32-x64\jre\17.0.6-win32-x86_64\bin\verify.dll
0x000000006c500000 - 0x000000006c5c7000 	C:\Users\nguyen huu tri\AppData\Local\Temp\snappy-1.1.8-d37c671e-5ec9-4a51-93bf-d7e4d64d6b68-snappyjava.dll

dbghelp: loaded successfully - version: 4.0.5 - missing functions: none
symbol engine: initialized successfully - sym options: 0x614 - pdb path: .;c:\Users\nguyen huu tri\.vscode\extensions\redhat.java-1.16.0-win32-x64\jre\17.0.6-win32-x86_64\bin;C:\WINDOWS\SYSTEM32;C:\WINDOWS\WinSxS\amd64_microsoft.windows.common-controls_6595b64144ccf1df_6.0.22621.608_none_a9444ca7c10bb01d;c:\Users\nguyen huu tri\.vscode\extensions\redhat.java-1.16.0-win32-x64\jre\17.0.6-win32-x86_64\bin\server;C:\Users\nguyen huu tri\AppData\Local\Temp

VM Arguments:
jvm_args: -XX:+HeapDumpOnOutOfMemoryError -Xmx1024m -Dsts.lsp.client=vscode -Dsts.log.file=/dev/null -XX:TieredStopAtLevel=1 -Xlog:jni+resolve=off -Dspring.config.location=file:c:\Users\nguyen huu tri\.vscode\extensions\vmware.vscode-spring-boot-1.45.0\language-server\BOOT-INF\classes\application.properties 
java_command: org.springframework.ide.vscode.boot.app.BootLanguageServerBootApp
java_class_path (initial): c:\Users\nguyen huu tri\.vscode\extensions\vmware.vscode-spring-boot-1.45.0\language-server\BOOT-INF\classes;c:\Users\nguyen huu tri\.vscode\extensions\vmware.vscode-spring-boot-1.45.0\language-server\BOOT-INF\lib\annotations-24.0.1.jar;c:\Users\nguyen huu tri\.vscode\extensions\vmware.vscode-spring-boot-1.45.0\language-server\BOOT-INF\lib\ant-1.10.13.jar;c:\Users\nguyen huu tri\.vscode\extensions\vmware.vscode-spring-boot-1.45.0\language-server\BOOT-INF\lib\ant-launcher-1.10.13.jar;c:\Users\nguyen huu tri\.vscode\extensions\vmware.vscode-spring-boot-1.45.0\language-server\BOOT-INF\lib\antlr-runtime-3.5.3.jar;c:\Users\nguyen huu tri\.vscode\extensions\vmware.vscode-spring-boot-1.45.0\language-server\BOOT-INF\lib\antlr4-4.11.1.jar;c:\Users\nguyen huu tri\.vscode\extensions\vmware.vscode-spring-boot-1.45.0\language-server\BOOT-INF\lib\antlr4-runtime-4.11.1.jar;c:\Users\nguyen huu tri\.vscode\extensions\vmware.vscode-spring-boot-1.45.0\language-server\BOOT-INF\lib\asm-9.4.jar;c:\Users\nguyen huu tri\.vscode\extensions\vmware.vscode-spring-boot-1.45.0\language-server\BOOT-INF\lib\asm-analysis-9.4.jar;c:\Users\nguyen huu tri\.vscode\extensions\vmware.vscode-spring-boot-1.45.0\language-server\BOOT-INF\lib\asm-tree-9.4.jar;c:\Users\nguyen huu tri\.vscode\extensions\vmware.vscode-spring-boot-1.45.0\language-server\BOOT-INF\lib\asm-util-9.4.jar;c:\Users\nguyen huu tri\.vscode\extensions\vmware.vscode-spring-boot-1.45.0\language-server\BOOT-INF\lib\caffeine-3.1.2.jar;c:\Users\nguyen huu tri\.vscode\extensions\vmware.vscode-spring-boot-1.45.0\language-server\BOOT-INF\lib\checker-qual-3.12.0.jar;c:\Users\nguyen huu tri\.vscode\extensions\vmware.vscode-spring-boot-1.45.0\language-server\BOOT-INF\lib\classgraph-4.8.149.jar;c:\Users\nguyen huu tri\.vscode\extensions\vmware.vscode-spring-boot-1.45.0\language-server\BOOT-INF\lib\commons-codec-1.15.jar;c:\Users\nguyen huu tri\.vscode\extensions\vmware.vscode-spring-boot-1.45.0\language-server\BOOT-INF\lib
Launcher Type: SUN_STANDARD

[Global flags]
     intx CICompilerCount                          = 4                                         {product} {ergonomic}
     uint ConcGCThreads                            = 2                                         {product} {ergonomic}
     uint G1ConcRefinementThreads                  = 8                                         {product} {ergonomic}
   size_t G1HeapRegionSize                         = 1048576                                   {product} {ergonomic}
    uintx GCDrainStackTargetSize                   = 64                                        {product} {ergonomic}
     bool HeapDumpOnOutOfMemoryError               = true                                   {manageable} {command line}
   size_t InitialHeapSize                          = 132120576                                 {product} {ergonomic}
   size_t MarkStackSize                            = 4194304                                   {product} {ergonomic}
   size_t MaxHeapSize                              = 1073741824                                {product} {command line}
   size_t MaxNewSize                               = 643825664                                 {product} {ergonomic}
   size_t MinHeapDeltaBytes                        = 1048576                                   {product} {ergonomic}
   size_t MinHeapSize                              = 8388608                                   {product} {ergonomic}
    uintx NonProfiledCodeHeapSize                  = 0                                      {pd product} {ergonomic}
     bool ProfileInterpreter                       = false                                  {pd product} {command line}
    uintx ProfiledCodeHeapSize                     = 0                                      {pd product} {ergonomic}
   size_t SoftMaxHeapSize                          = 1073741824                             {manageable} {ergonomic}
     intx TieredStopAtLevel                        = 1                                         {product} {command line}
     bool UseCompressedClassPointers               = true                           {product lp64_product} {ergonomic}
     bool UseCompressedOops                        = true                           {product lp64_product} {ergonomic}
     bool UseG1GC                                  = true                                      {product} {ergonomic}
     bool UseLargePagesIndividualAllocation        = false                                  {pd product} {ergonomic}

Logging:
Log output configuration:
 #0: stdout all=warning,jni+resolve=off uptime,level,tags
 #1: stderr all=off uptime,level,tags

Environment Variables:
JAVA_HOME=C:\Program Files\OpenJDK\jdk-17.0.6
PATH=C:\Program Files\Microsoft MPI\Bin\;C:\Python310\Scripts\;C:\Python310\;C:\Python38\Scripts\;C:\Python38\;C:\WINDOWS\system32;C:\WINDOWS;C:\WINDOWS\System32\Wbem;C:\WINDOWS\System32\WindowsPowerShell\v1.0\;C:\WINDOWS\System32\OpenSSH\;C:\ProgramData\chocolatey\bin;C:\Program Files (x86)\Yarn\bin\;C:\Program Files\dotnet\;C:\Program Files\Microsoft SQL Server\130\Tools\Binn\;C:\Program Files\Microsoft SQL Server\Client SDK\ODBC\170\Tools\Binn\;C:\Program Files (x86)\Microsoft SQL Server\150\Tools\Binn\;C:\Program Files\Microsoft SQL Server\150\Tools\Binn\;C:\Program Files (x86)\Microsoft SQL Server\150\DTS\Binn\;C:\Program Files\Microsoft SQL Server\150\DTS\Binn\;C:\Program Files\Azure Data Studio\bin;C:\Program Files (x86)\dotnet\;C:\Program Files\Go\bin;C:\Program Files\Docker\Docker\resources\bin;C:\ProgramData\DockerDesktop\version-bin;C:\Users\nguyen huu tri\AppData\Roaming\nvm;C:\Program Files\nodejs;C:\Program Files\Microsoft\Web Platform Installer\;D:\apache-maven-3.8.6\bin;C:\Program Files\OpenJDK\jdk-17.0.6\bin;C:\Program Files\Git\cmd;C:\Users\nguyen huu tri\AppData\Local\Microsoft\WindowsApps;C:\Users\nguyen huu tri\AppData\Local\Programs\Microsoft VS Code\bin;C:\Users\nguyen huu tri\AppData\Local\Yarn\bin;C:\Users\nguyen huu tri\.dotnet\tools;C:\Program Files\Azure Data Studio\bin;C:\Users\nguyen huu tri\go\bin;C:\Users\nguyen huu tri\AppData\Roaming\nvm;C:\Program Files\nodejs;C:\Users\nguyen huu tri\AppData\Local\JetBrains\Toolbox\scripts;
USERNAME=nguyen huu tri
OS=Windows_NT
PROCESSOR_IDENTIFIER=Intel64 Family 6 Model 142 Stepping 10, GenuineIntel
TMP=C:\Users\NGUYEN~1\AppData\Local\Temp
TEMP=C:\Users\NGUYEN~1\AppData\Local\Temp



---------------  S Y S T E M  ---------------

OS:
 Windows 11 , 64 bit Build 22621 (10.0.22621.1344)
OS uptime: 20 days 2:17 hours
Hyper-V role detected

CPU: total 8 (initial active 8) (4 cores per cpu, 2 threads per core) family 6 model 142 stepping 10 microcode 0xe0, cx8, cmov, fxsr, ht, mmx, 3dnowpref, sse, sse2, sse3, ssse3, sse4.1, sse4.2, popcnt, lzcnt, tsc, tscinvbit, avx, avx2, aes, erms, clmul, bmi1, bmi2, adx, fma, vzeroupper, clflush, clflushopt, hv

Memory: 4k page, system-wide physical 8052M (321M free)
TotalPageFile size 32628M (AvailPageFile size 126M)
current process WorkingSet (physical memory assigned to process): 323M, peak: 664M
current process commit charge ("private bytes"): 519M, peak: 711M

vm_info: OpenJDK 64-Bit Server VM (17.0.6+10) for windows-amd64 JRE (17.0.6+10), built on Jan 18 2023 10:08:59 by "temurin" with MS VC++ 16.7 (VS2019)

END.
