#
# There is insufficient memory for the Java Runtime Environment to continue.
# Native memory allocation (malloc) failed to allocate 1468032 bytes for Chunk::new
# Possible reasons:
#   The system is out of physical RAM or swap space
#   The process is running with CompressedOops enabled, and the Java Heap may be blocking the growth of the native heap
# Possible solutions:
#   Reduce memory load on the system
#   Increase physical memory or swap space
#   Check if swap backing store is full
#   Decrease Java heap size (-Xmx/-Xms)
#   Decrease number of Java threads
#   Decrease Java thread stack sizes (-Xss)
#   Set larger code cache with -XX:ReservedCodeCacheSize=
#   JVM is running with Unscaled Compressed Oops mode in which the Java heap is
#     placed in the first 4GB address space. The Java Heap base address is the
#     maximum limit for the native heap growth. Please use -XX:HeapBaseMinAddress
#     to set the Java Heap base and to place the Java Heap above 4GB virtual address.
# This output file may be truncated or incomplete.
#
#  Out of Memory Error (arena.cpp:189), pid=16896, tid=8780
#
# JRE version: Java(TM) SE Runtime Environment (17.0.6+9) (build 17.0.6+9-LTS-190)
# Java VM: Java HotSpot(TM) 64-Bit Server VM (17.0.6+9-LTS-190, mixed mode, sharing, tiered, compressed oops, compressed class ptrs, g1 gc, windows-amd64)
# No core dump will be written. Minidumps are not enabled by default on client versions of Windows
#

---------------  S U M M A R Y ------------

Command Line: -agentlib:jdwp=transport=dt_socket,server=n,suspend=y,address=localhost:64561 -XX:+ShowCodeDetailsInExceptionMessages com.aptech.blog.BlogApplication

Host: Intel(R) Core(TM) i5-8250U CPU @ 1.60GHz, 8 cores, 7G,  Windows 11 , 64 bit Build 22621 (10.0.22621.1344)
Time: Thu Apr  6 19:47:20 2023 SE Asia Standard Time elapsed time: 11.674906 seconds (0d 0h 0m 11s)

---------------  T H R E A D  ---------------

Current thread (0x0000021963735530):  JavaThread "C2 CompilerThread1" daemon [_thread_in_native, id=8780, stack(0x000000ae53100000,0x000000ae53200000)]


Current CompileTask:
C2:  11675 3910       4       org.springframework.boot.context.properties.source.SystemEnvironmentPropertyMapper::isLegacyAncestorOf (34 bytes)

Stack: [0x000000ae53100000,0x000000ae53200000]
Native frames: (J=compiled Java code, j=interpreted, Vv=VM code, C=native code)
V  [jvm.dll+0x6734ea]
V  [jvm.dll+0x7d18f4]
V  [jvm.dll+0x7d309e]
V  [jvm.dll+0x7d3703]
V  [jvm.dll+0x2433c5]
V  [jvm.dll+0xaa46b]
V  [jvm.dll+0xaaa0c]
V  [jvm.dll+0x35eb2e]
V  [jvm.dll+0x1b986a]
V  [jvm.dll+0x215f37]
V  [jvm.dll+0x215211]
V  [jvm.dll+0x1a1730]
V  [jvm.dll+0x224b6e]
V  [jvm.dll+0x222f15]
V  [jvm.dll+0x78753c]
V  [jvm.dll+0x781a7a]
V  [jvm.dll+0x672375]
C  [ucrtbase.dll+0x29363]
C  [KERNEL32.DLL+0x126bd]
C  [ntdll.dll+0x5a9f8]


---------------  P R O C E S S  ---------------

Threads class SMR info:
_java_thread_list=0x0000021967700890, length=19, elements={
0x000002194375afb0, 0x00000219617d8a10, 0x00000219617d9b60, 0x00000219617ec0b0,
0x00000219617eca60, 0x00000219617ed410, 0x00000219617eddc0, 0x00000219617eeb50,
0x00000219617f5dc0, 0x000002196180a7b0, 0x0000021962513c60, 0x0000021962515730,
0x0000021962517c30, 0x000002196251cb20, 0x0000021962525840, 0x0000021963735530,
0x0000021965a0c990, 0x0000021967f58780, 0x0000021967fe2680
}

Java Threads: ( => current thread )
  0x000002194375afb0 JavaThread "main" [_thread_in_Java, id=13344, stack(0x000000ae51b00000,0x000000ae51c00000)]
  0x00000219617d8a10 JavaThread "Reference Handler" daemon [_thread_blocked, id=27408, stack(0x000000ae52200000,0x000000ae52300000)]
  0x00000219617d9b60 JavaThread "Finalizer" daemon [_thread_blocked, id=20448, stack(0x000000ae52300000,0x000000ae52400000)]
  0x00000219617ec0b0 JavaThread "Signal Dispatcher" daemon [_thread_blocked, id=12564, stack(0x000000ae52400000,0x000000ae52500000)]
  0x00000219617eca60 JavaThread "Attach Listener" daemon [_thread_blocked, id=5456, stack(0x000000ae52500000,0x000000ae52600000)]
  0x00000219617ed410 JavaThread "Service Thread" daemon [_thread_blocked, id=1956, stack(0x000000ae52600000,0x000000ae52700000)]
  0x00000219617eddc0 JavaThread "Monitor Deflation Thread" daemon [_thread_blocked, id=27004, stack(0x000000ae52700000,0x000000ae52800000)]
  0x00000219617eeb50 JavaThread "C2 CompilerThread0" daemon [_thread_in_native, id=2728, stack(0x000000ae52800000,0x000000ae52900000)]
  0x00000219617f5dc0 JavaThread "C1 CompilerThread0" daemon [_thread_blocked, id=20932, stack(0x000000ae52900000,0x000000ae52a00000)]
  0x000002196180a7b0 JavaThread "Sweeper thread" daemon [_thread_blocked, id=4492, stack(0x000000ae52a00000,0x000000ae52b00000)]
  0x0000021962513c60 JavaThread "JDWP Transport Listener: dt_socket" daemon [_thread_blocked, id=18708, stack(0x000000ae52b00000,0x000000ae52c00000)]
  0x0000021962515730 JavaThread "JDWP Event Helper Thread" daemon [_thread_blocked, id=7944, stack(0x000000ae52c00000,0x000000ae52d00000)]
  0x0000021962517c30 JavaThread "JDWP Command Reader" daemon [_thread_in_native, id=3228, stack(0x000000ae52d00000,0x000000ae52e00000)]
  0x000002196251cb20 JavaThread "Notification Thread" daemon [_thread_blocked, id=27064, stack(0x000000ae52e00000,0x000000ae52f00000)]
  0x0000021962525840 JavaThread "Common-Cleaner" daemon [_thread_blocked, id=15368, stack(0x000000ae53000000,0x000000ae53100000)]
=>0x0000021963735530 JavaThread "C2 CompilerThread1" daemon [_thread_in_native, id=8780, stack(0x000000ae53100000,0x000000ae53200000)]
  0x0000021965a0c990 JavaThread "Catalina-utility-1" [_thread_blocked, id=1064, stack(0x000000ae53a00000,0x000000ae53b00000)]
  0x0000021967f58780 JavaThread "Catalina-utility-2" [_thread_blocked, id=22668, stack(0x000000ae53b00000,0x000000ae53c00000)]
  0x0000021967fe2680 JavaThread "container-0" [_thread_blocked, id=12280, stack(0x000000ae53c00000,0x000000ae53d00000)]

Other Threads:
  0x00000219617d48e0 VMThread "VM Thread" [stack: 0x000000ae52100000,0x000000ae52200000] [id=23096]
  0x0000021962521a20 WatcherThread [stack: 0x000000ae52f00000,0x000000ae53000000] [id=3236]
  0x00000219437bd640 GCTaskThread "GC Thread#0" [stack: 0x000000ae51c00000,0x000000ae51d00000] [id=6324]
  0x00000219633b2f60 GCTaskThread "GC Thread#1" [stack: 0x000000ae53200000,0x000000ae53300000] [id=25304]
  0x00000219633b3210 GCTaskThread "GC Thread#2" [stack: 0x000000ae53300000,0x000000ae53400000] [id=12220]
  0x0000021963109ae0 GCTaskThread "GC Thread#3" [stack: 0x000000ae53400000,0x000000ae53500000] [id=23088]
  0x00000219631b02e0 GCTaskThread "GC Thread#4" [stack: 0x000000ae53500000,0x000000ae53600000] [id=20572]
  0x0000021963050190 GCTaskThread "GC Thread#5" [stack: 0x000000ae53600000,0x000000ae53700000] [id=17160]
  0x0000021963050440 GCTaskThread "GC Thread#6" [stack: 0x000000ae53700000,0x000000ae53800000] [id=20624]
  0x0000021962eeb950 GCTaskThread "GC Thread#7" [stack: 0x000000ae53800000,0x000000ae53900000] [id=8928]
  0x00000219437cf150 ConcurrentGCThread "G1 Main Marker" [stack: 0x000000ae51d00000,0x000000ae51e00000] [id=12028]
  0x00000219437cfb60 ConcurrentGCThread "G1 Conc#0" [stack: 0x000000ae51e00000,0x000000ae51f00000] [id=21032]
  0x0000021966bd53e0 ConcurrentGCThread "G1 Conc#1" [stack: 0x000000ae53900000,0x000000ae53a00000] [id=21820]
  0x000002194380e640 ConcurrentGCThread "G1 Refine#0" [stack: 0x000000ae51f00000,0x000000ae52000000] [id=28500]
  0x000002196168a260 ConcurrentGCThread "G1 Service" [stack: 0x000000ae52000000,0x000000ae52100000] [id=4252]

Threads with active compile tasks:
C2 CompilerThread0    11746 3882       4       org.springframework.core.annotation.TypeMappedAnnotations::get (52 bytes)
C2 CompilerThread1    11746 3910       4       org.springframework.boot.context.properties.source.SystemEnvironmentPropertyMapper::isLegacyAncestorOf (34 bytes)

VM state: not at safepoint (normal execution)

VM Mutex/Monitor currently owned by a thread: None

Heap address: 0x0000000082200000, size: 2014 MB, Compressed Oops mode: 32-bit

CDS archive(s) mapped at: [0x0000000800000000-0x0000000800bd0000-0x0000000800bd0000), size 12386304, SharedBaseAddress: 0x0000000800000000, ArchiveRelocationMode: 0.
Compressed class space mapped at: 0x0000000800c00000-0x0000000840c00000, reserved size: 1073741824
Narrow klass base: 0x0000000800000000, Narrow klass shift: 0, Narrow klass range: 0x100000000

GC Precious Log:
 CPUs: 8 total, 8 available
 Memory: 8052M
 Large Page Support: Disabled
 NUMA Support: Disabled
 Compressed Oops: Enabled (32-bit)
 Heap Region Size: 1M
 Heap Min Capacity: 8M
 Heap Initial Capacity: 126M
 Heap Max Capacity: 2014M
 Pre-touch: Disabled
 Parallel Workers: 8
 Concurrent Workers: 2
 Concurrent Refinement Workers: 8
 Periodic GC: Disabled

Heap:
 garbage-first heap   total 48128K, used 23738K [0x0000000082200000, 0x0000000100000000)
  region size 1024K, 6 young (6144K), 1 survivors (1024K)
 Metaspace       used 36383K, committed 36864K, reserved 1089536K
  class space    used 4729K, committed 4992K, reserved 1048576K

Heap Regions: E=young(eden), S=young(survivor), O=old, HS=humongous(starts), HC=humongous(continues), CS=collection set, F=free, OA=open archive, CA=closed archive, TAMS=top-at-mark-start (previous, next)
|   0|0x0000000082200000, 0x0000000082300000, 0x0000000082300000|100%|HS|  |TAMS 0x0000000082300000, 0x0000000082200000| Complete 
|   1|0x0000000082300000, 0x0000000082400000, 0x0000000082400000|100%| O|  |TAMS 0x0000000082400000, 0x0000000082300000| Untracked 
|   2|0x0000000082400000, 0x0000000082500000, 0x0000000082500000|100%| O|  |TAMS 0x0000000082500000, 0x0000000082400000| Untracked 
|   3|0x0000000082500000, 0x0000000082600000, 0x0000000082600000|100%| O|  |TAMS 0x0000000082600000, 0x0000000082500000| Untracked 
|   4|0x0000000082600000, 0x0000000082700000, 0x0000000082700000|100%| O|  |TAMS 0x0000000082700000, 0x0000000082600000| Untracked 
|   5|0x0000000082700000, 0x0000000082800000, 0x0000000082800000|100%| O|  |TAMS 0x0000000082800000, 0x0000000082700000| Untracked 
|   6|0x0000000082800000, 0x0000000082900000, 0x0000000082900000|100%| O|  |TAMS 0x0000000082900000, 0x0000000082800000| Untracked 
|   7|0x0000000082900000, 0x0000000082a00000, 0x0000000082a00000|100%| O|  |TAMS 0x0000000082a00000, 0x0000000082900000| Untracked 
|   8|0x0000000082a00000, 0x0000000082b00000, 0x0000000082b00000|100%| O|  |TAMS 0x0000000082b00000, 0x0000000082a00000| Untracked 
|   9|0x0000000082b00000, 0x0000000082c00000, 0x0000000082c00000|100%| O|  |TAMS 0x0000000082c00000, 0x0000000082b00000| Untracked 
|  10|0x0000000082c00000, 0x0000000082d00000, 0x0000000082d00000|100%| O|  |TAMS 0x0000000082d00000, 0x0000000082c00000| Untracked 
|  11|0x0000000082d00000, 0x0000000082e00000, 0x0000000082e00000|100%| O|  |TAMS 0x0000000082e00000, 0x0000000082d00000| Untracked 
|  12|0x0000000082e00000, 0x0000000082f00000, 0x0000000082f00000|100%| O|  |TAMS 0x0000000082e8a600, 0x0000000082e00000| Untracked 
|  13|0x0000000082f00000, 0x0000000083000000, 0x0000000083000000|100%| O|  |TAMS 0x0000000082f00000, 0x0000000082f00000| Untracked 
|  14|0x0000000083000000, 0x0000000083098c00, 0x0000000083100000| 59%| O|  |TAMS 0x0000000083000000, 0x0000000083000000| Untracked 
|  15|0x0000000083100000, 0x0000000083100000, 0x0000000083200000|  0%| F|  |TAMS 0x0000000083100000, 0x0000000083100000| Untracked 
|  16|0x0000000083200000, 0x0000000083200000, 0x0000000083300000|  0%| F|  |TAMS 0x0000000083200000, 0x0000000083200000| Untracked 
|  17|0x0000000083300000, 0x0000000083400000, 0x0000000083400000|100%| O|  |TAMS 0x0000000083400000, 0x0000000083300000| Untracked 
|  18|0x0000000083400000, 0x0000000083500000, 0x0000000083500000|100%| O|  |TAMS 0x0000000083500000, 0x0000000083400000| Untracked 
|  19|0x0000000083500000, 0x0000000083600000, 0x0000000083600000|100%| O|  |TAMS 0x0000000083600000, 0x0000000083500000| Untracked 
|  20|0x0000000083600000, 0x0000000083700000, 0x0000000083700000|100%| O|  |TAMS 0x0000000083700000, 0x0000000083600000| Untracked 
|  21|0x0000000083700000, 0x0000000083700000, 0x0000000083800000|  0%| F|  |TAMS 0x0000000083700000, 0x0000000083700000| Untracked 
|  22|0x0000000083800000, 0x0000000083800000, 0x0000000083900000|  0%| F|  |TAMS 0x0000000083800000, 0x0000000083800000| Untracked 
|  23|0x0000000083900000, 0x0000000083900000, 0x0000000083a00000|  0%| F|  |TAMS 0x0000000083900000, 0x0000000083900000| Untracked 
|  24|0x0000000083a00000, 0x0000000083a00000, 0x0000000083b00000|  0%| F|  |TAMS 0x0000000083a00000, 0x0000000083a00000| Untracked 
|  25|0x0000000083b00000, 0x0000000083b00000, 0x0000000083c00000|  0%| F|  |TAMS 0x0000000083b00000, 0x0000000083b00000| Untracked 
|  26|0x0000000083c00000, 0x0000000083c00000, 0x0000000083d00000|  0%| F|  |TAMS 0x0000000083c00000, 0x0000000083c00000| Untracked 
|  27|0x0000000083d00000, 0x0000000083d00000, 0x0000000083e00000|  0%| F|  |TAMS 0x0000000083d00000, 0x0000000083d00000| Untracked 
|  28|0x0000000083e00000, 0x0000000083e00000, 0x0000000083f00000|  0%| F|  |TAMS 0x0000000083e00000, 0x0000000083e00000| Untracked 
|  29|0x0000000083f00000, 0x0000000083f00000, 0x0000000084000000|  0%| F|  |TAMS 0x0000000083f00000, 0x0000000083f00000| Untracked 
|  30|0x0000000084000000, 0x0000000084000000, 0x0000000084100000|  0%| F|  |TAMS 0x0000000084000000, 0x0000000084000000| Untracked 
|  31|0x0000000084100000, 0x0000000084100000, 0x0000000084200000|  0%| F|  |TAMS 0x0000000084100000, 0x0000000084100000| Untracked 
|  32|0x0000000084200000, 0x0000000084200000, 0x0000000084300000|  0%| F|  |TAMS 0x0000000084200000, 0x0000000084200000| Untracked 
|  33|0x0000000084300000, 0x0000000084300000, 0x0000000084400000|  0%| F|  |TAMS 0x0000000084300000, 0x0000000084300000| Untracked 
|  34|0x0000000084400000, 0x0000000084400000, 0x0000000084500000|  0%| F|  |TAMS 0x0000000084400000, 0x0000000084400000| Untracked 
|  35|0x0000000084500000, 0x0000000084500000, 0x0000000084600000|  0%| F|  |TAMS 0x0000000084500000, 0x0000000084500000| Untracked 
|  36|0x0000000084600000, 0x0000000084695e58, 0x0000000084700000| 58%| S|CS|TAMS 0x0000000084600000, 0x0000000084600000| Complete 
|  37|0x0000000084700000, 0x0000000084700000, 0x0000000084800000|  0%| F|  |TAMS 0x0000000084700000, 0x0000000084700000| Untracked 
|  38|0x0000000084800000, 0x0000000084800000, 0x0000000084900000|  0%| F|  |TAMS 0x0000000084800000, 0x0000000084800000| Untracked 
|  39|0x0000000084900000, 0x0000000084900000, 0x0000000084a00000|  0%| F|  |TAMS 0x0000000084900000, 0x0000000084900000| Untracked 
|  71|0x0000000086900000, 0x0000000086900000, 0x0000000086a00000|  0%| F|  |TAMS 0x0000000086900000, 0x0000000086900000| Untracked 
|  72|0x0000000086a00000, 0x0000000086a00000, 0x0000000086b00000|  0%| F|  |TAMS 0x0000000086a00000, 0x0000000086a00000| Untracked 
|  73|0x0000000086b00000, 0x0000000086b51a90, 0x0000000086c00000| 31%| E|  |TAMS 0x0000000086b00000, 0x0000000086b00000| Complete 
|  74|0x0000000086c00000, 0x0000000086d00000, 0x0000000086d00000|100%| E|CS|TAMS 0x0000000086c00000, 0x0000000086c00000| Complete 
|  75|0x0000000086d00000, 0x0000000086e00000, 0x0000000086e00000|100%| E|CS|TAMS 0x0000000086d00000, 0x0000000086d00000| Complete 
|  76|0x0000000086e00000, 0x0000000086f00000, 0x0000000086f00000|100%| E|CS|TAMS 0x0000000086e00000, 0x0000000086e00000| Complete 
| 125|0x0000000089f00000, 0x000000008a000000, 0x000000008a000000|100%| E|CS|TAMS 0x0000000089f00000, 0x0000000089f00000| Complete 

Card table byte_map: [0x000002195a6e0000,0x000002195aad0000] _byte_map_base: 0x000002195a2cf000

Marking Bits (Prev, Next): (CMBitMap*) 0x00000219437bdc50, (CMBitMap*) 0x00000219437bdc90
 Prev Bits: [0x000002195aec0000, 0x000002195ce38000)
 Next Bits: [0x000002195ce40000, 0x000002195edb8000)

Polling page: 0x0000021941690000

Metaspace:

Usage:
  Non-class:     30.92 MB used.
      Class:      4.62 MB used.
       Both:     35.54 MB used.

Virtual space:
  Non-class space:       40.00 MB reserved,      31.12 MB ( 78%) committed,  5 nodes.
      Class space:        1.00 GB reserved,       4.88 MB ( <1%) committed,  1 nodes.
             Both:        1.04 GB reserved,      36.00 MB (  3%) committed. 

Chunk freelists:
   Non-Class:  3.97 MB
       Class:  3.00 MB
        Both:  6.97 MB

MaxMetaspaceSize: unlimited
CompressedClassSpaceSize: 1.00 GB
Initial GC threshold: 21.00 MB
Current GC threshold: 58.69 MB
CDS: on
MetaspaceReclaimPolicy: balanced
 - commit_granule_bytes: 65536.
 - commit_granule_words: 8192.
 - virtual_space_node_default_size: 1048576.
 - enlarge_chunks_in_place: 1.
 - new_chunks_are_fully_committed: 0.
 - uncommit_free_chunks: 1.
 - use_allocation_guard: 0.
 - handle_deallocations: 1.


Internal statistics:

num_allocs_failed_limit: 6.
num_arena_births: 524.
num_arena_deaths: 0.
num_vsnodes_births: 6.
num_vsnodes_deaths: 0.
num_space_committed: 576.
num_space_uncommitted: 0.
num_chunks_returned_to_freelist: 6.
num_chunks_taken_from_freelist: 1823.
num_chunk_merges: 6.
num_chunk_splits: 1264.
num_chunks_enlarged: 965.
num_purges: 0.
num_inconsistent_stats: 0.

CodeHeap 'non-profiled nmethods': size=120000Kb used=2560Kb max_used=2560Kb free=117439Kb
 bounds [0x0000021952a90000, 0x0000021952d20000, 0x0000021959fc0000]
CodeHeap 'profiled nmethods': size=120000Kb used=8973Kb max_used=8973Kb free=111026Kb
 bounds [0x000002194afc0000, 0x000002194b890000, 0x00000219524f0000]
CodeHeap 'non-nmethods': size=5760Kb used=1297Kb max_used=1398Kb free=4462Kb
 bounds [0x00000219524f0000, 0x0000021952760000, 0x0000021952a90000]
 total_blobs=4500 nmethods=3967 adapters=445
 compilation: enabled
              stopped_count=0, restarted_count=0
 full_count=0

Compilation events (20 events):
Event: 11.381 Thread 0x00000219617f5dc0 3978       3       java.util.AbstractList$Itr::hasNext (20 bytes)
Event: 11.382 Thread 0x00000219617f5dc0 nmethod 3978 0x000002194b87b590 code [0x000002194b87b740, 0x000002194b87b988]
Event: 11.422 Thread 0x00000219617eeb50 nmethod 3908 0x0000021952cfa290 code [0x0000021952cfa900, 0x0000021952d08100]
Event: 11.423 Thread 0x00000219617eeb50 3960       4       org.springframework.core.annotation.AnnotationsScanner::isWithoutHierarchy (119 bytes)
Event: 11.445 Thread 0x00000219617f5dc0 3979       3       java.lang.reflect.ProxyGenerator$$Lambda$30/0x0000000800c67af0::apply (8 bytes)
Event: 11.445 Thread 0x00000219617f5dc0 nmethod 3979 0x000002194b87ba90 code [0x000002194b87bc40, 0x000002194b87bf48]
Event: 11.445 Thread 0x00000219617f5dc0 3980       3       java.lang.reflect.ProxyGenerator::lambda$addProxyMethod$0 (9 bytes)
Event: 11.445 Thread 0x00000219617f5dc0 nmethod 3980 0x000002194b87c090 code [0x000002194b87c240, 0x000002194b87c3c8]
Event: 11.469 Thread 0x00000219617eeb50 nmethod 3960 0x0000021952d0e610 code [0x0000021952d0e840, 0x0000021952d0f938]
Event: 11.470 Thread 0x00000219617eeb50 3882       4       org.springframework.core.annotation.TypeMappedAnnotations::get (52 bytes)
Event: 11.485 Thread 0x00000219617f5dc0 3983       3       java.lang.reflect.ProxyGenerator$ProxyMethod::codeFieldInitialization (165 bytes)
Event: 11.486 Thread 0x00000219617f5dc0 nmethod 3983 0x000002194b87c490 code [0x000002194b87c740, 0x000002194b87d448]
Event: 11.487 Thread 0x00000219617f5dc0 3984       3       java.lang.reflect.ProxyGenerator::computeUniqueCatchList (163 bytes)
Event: 11.490 Thread 0x00000219617f5dc0 nmethod 3984 0x000002194b87d910 code [0x000002194b87dc60, 0x000002194b87f6b8]
Event: 11.490 Thread 0x00000219617f5dc0 3985       3       java.lang.reflect.ProxyGenerator$ProxyMethod::codeUnwrapReturnValue (172 bytes)
Event: 11.492 Thread 0x00000219617f5dc0 nmethod 3985 0x000002194b880090 code [0x000002194b880360, 0x000002194b8812b8]
Event: 11.492 Thread 0x00000219617f5dc0 3986       3       java.lang.reflect.ProxyGenerator$ProxyMethod::<init> (44 bytes)
Event: 11.492 Thread 0x00000219617f5dc0 nmethod 3986 0x000002194b881690 code [0x000002194b881840, 0x000002194b881c38]
Event: 11.492 Thread 0x00000219617f5dc0 3987       3       java.lang.reflect.ProxyGenerator::addProxyMethod (33 bytes)
Event: 11.493 Thread 0x00000219617f5dc0 nmethod 3987 0x000002194b881d10 code [0x000002194b881f00, 0x000002194b882478]

GC Heap History (14 events):
Event: 2.487 GC heap before
{Heap before GC invocations=0 (full 0):
 garbage-first heap   total 129024K, used 23552K [0x0000000082200000, 0x0000000100000000)
  region size 1024K, 23 young (23552K), 0 survivors (0K)
 Metaspace       used 6231K, committed 6400K, reserved 1056768K
  class space    used 755K, committed 832K, reserved 1048576K
}
Event: 2.498 GC heap after
{Heap after GC invocations=1 (full 0):
 garbage-first heap   total 129024K, used 7232K [0x0000000082200000, 0x0000000100000000)
  region size 1024K, 3 young (3072K), 3 survivors (3072K)
 Metaspace       used 6231K, committed 6400K, reserved 1056768K
  class space    used 755K, committed 832K, reserved 1048576K
}
Event: 3.621 GC heap before
{Heap before GC invocations=1 (full 0):
 garbage-first heap   total 129024K, used 33856K [0x0000000082200000, 0x0000000100000000)
  region size 1024K, 30 young (30720K), 3 survivors (3072K)
 Metaspace       used 12936K, committed 13184K, reserved 1064960K
  class space    used 1757K, committed 1856K, reserved 1048576K
}
Event: 3.631 GC heap after
{Heap after GC invocations=2 (full 0):
 garbage-first heap   total 129024K, used 9216K [0x0000000082200000, 0x0000000100000000)
  region size 1024K, 2 young (2048K), 2 survivors (2048K)
 Metaspace       used 12936K, committed 13184K, reserved 1064960K
  class space    used 1757K, committed 1856K, reserved 1048576K
}
Event: 5.724 GC heap before
{Heap before GC invocations=2 (full 0):
 garbage-first heap   total 129024K, used 55296K [0x0000000082200000, 0x0000000100000000)
  region size 1024K, 49 young (50176K), 2 survivors (2048K)
 Metaspace       used 21322K, committed 21504K, reserved 1073152K
  class space    used 2719K, committed 2816K, reserved 1048576K
}
Event: 5.740 GC heap after
{Heap after GC invocations=3 (full 0):
 garbage-first heap   total 129024K, used 12793K [0x0000000082200000, 0x0000000100000000)
  region size 1024K, 6 young (6144K), 6 survivors (6144K)
 Metaspace       used 21322K, committed 21504K, reserved 1073152K
  class space    used 2719K, committed 2816K, reserved 1048576K
}
Event: 7.883 GC heap before
{Heap before GC invocations=4 (full 0):
 garbage-first heap   total 48128K, used 36345K [0x0000000082200000, 0x0000000100000000)
  region size 1024K, 30 young (30720K), 6 survivors (6144K)
 Metaspace       used 25594K, committed 25984K, reserved 1073152K
  class space    used 3286K, committed 3456K, reserved 1048576K
}
Event: 7.913 GC heap after
{Heap after GC invocations=5 (full 0):
 garbage-first heap   total 48128K, used 14966K [0x0000000082200000, 0x0000000100000000)
  region size 1024K, 6 young (6144K), 6 survivors (6144K)
 Metaspace       used 25594K, committed 25984K, reserved 1073152K
  class space    used 3286K, committed 3456K, reserved 1048576K
}
Event: 9.071 GC heap before
{Heap before GC invocations=5 (full 0):
 garbage-first heap   total 48128K, used 33398K [0x0000000082200000, 0x0000000100000000)
  region size 1024K, 24 young (24576K), 6 survivors (6144K)
 Metaspace       used 29728K, committed 30144K, reserved 1081344K
  class space    used 3839K, committed 4032K, reserved 1048576K
}
Event: 9.101 GC heap after
{Heap after GC invocations=6 (full 0):
 garbage-first heap   total 48128K, used 17179K [0x0000000082200000, 0x0000000100000000)
  region size 1024K, 3 young (3072K), 3 survivors (3072K)
 Metaspace       used 29728K, committed 30144K, reserved 1081344K
  class space    used 3839K, committed 4032K, reserved 1048576K
}
Event: 10.218 GC heap before
{Heap before GC invocations=6 (full 0):
 garbage-first heap   total 48128K, used 34587K [0x0000000082200000, 0x0000000100000000)
  region size 1024K, 20 young (20480K), 3 survivors (3072K)
 Metaspace       used 33056K, committed 33536K, reserved 1081344K
  class space    used 4228K, committed 4480K, reserved 1048576K
}
Event: 10.223 GC heap after
{Heap after GC invocations=7 (full 0):
 garbage-first heap   total 48128K, used 19187K [0x0000000082200000, 0x0000000100000000)
  region size 1024K, 3 young (3072K), 3 survivors (3072K)
 Metaspace       used 33056K, committed 33536K, reserved 1081344K
  class space    used 4228K, committed 4480K, reserved 1048576K
}
Event: 11.355 GC heap before
{Heap before GC invocations=7 (full 0):
 garbage-first heap   total 48128K, used 27379K [0x0000000082200000, 0x0000000100000000)
  region size 1024K, 13 young (13312K), 3 survivors (3072K)
 Metaspace       used 35560K, committed 35968K, reserved 1081344K
  class space    used 4567K, committed 4800K, reserved 1048576K
}
Event: 11.359 GC heap after
{Heap after GC invocations=8 (full 0):
 garbage-first heap   total 48128K, used 19642K [0x0000000082200000, 0x0000000100000000)
  region size 1024K, 1 young (1024K), 1 survivors (1024K)
 Metaspace       used 35560K, committed 35968K, reserved 1081344K
  class space    used 4567K, committed 4800K, reserved 1048576K
}

Deoptimization events (20 events):
Event: 11.196 Thread 0x000002194375afb0 Uncommon trap: trap_request=0xffffff45 fr.pc=0x0000021952b95c1c relative=0x00000000000000fc
Event: 11.196 Thread 0x000002194375afb0 Uncommon trap: reason=unstable_if action=reinterpret pc=0x0000021952b95c1c method=java.lang.ClassLoader.getClassLoadingLock(Ljava/lang/String;)Ljava/lang/Object; @ 6 c2
Event: 11.196 Thread 0x000002194375afb0 DEOPT PACKING pc=0x0000021952b95c1c sp=0x000000ae51bf9eb0
Event: 11.196 Thread 0x000002194375afb0 DEOPT UNPACKING pc=0x00000219525423a3 sp=0x000000ae51bf9e60 mode 2
Event: 11.207 Thread 0x000002194375afb0 DEOPT PACKING pc=0x000002194b0af36c sp=0x000000ae51bfac50
Event: 11.207 Thread 0x000002194375afb0 DEOPT UNPACKING pc=0x0000021952542b43 sp=0x000000ae51bfa0e8 mode 1
Event: 11.207 Thread 0x000002194375afb0 DEOPT PACKING pc=0x000002194b0ae85c sp=0x000000ae51bfad20
Event: 11.207 Thread 0x000002194375afb0 DEOPT UNPACKING pc=0x0000021952542b43 sp=0x000000ae51bfa1d8 mode 1
Event: 11.207 Thread 0x000002194375afb0 DEOPT PACKING pc=0x000002194b166db4 sp=0x000000ae51bfb6b0
Event: 11.207 Thread 0x000002194375afb0 DEOPT UNPACKING pc=0x0000021952542b43 sp=0x000000ae51bfab88 mode 1
Event: 11.207 Thread 0x000002194375afb0 DEOPT PACKING pc=0x000002194b21300c sp=0x000000ae51bfb750
Event: 11.207 Thread 0x000002194375afb0 DEOPT UNPACKING pc=0x0000021952542b43 sp=0x000000ae51bfac00 mode 1
Event: 11.207 Thread 0x000002194375afb0 DEOPT PACKING pc=0x000002194b2a024c sp=0x000000ae51bfb7b0
Event: 11.207 Thread 0x000002194375afb0 DEOPT UNPACKING pc=0x0000021952542b43 sp=0x000000ae51bfad18 mode 1
Event: 11.207 Thread 0x000002194375afb0 DEOPT PACKING pc=0x000002194b21360c sp=0x000000ae51bfb900
Event: 11.207 Thread 0x000002194375afb0 DEOPT UNPACKING pc=0x0000021952542b43 sp=0x000000ae51bfada8 mode 1
Event: 11.207 Thread 0x000002194375afb0 DEOPT PACKING pc=0x000002194b2f4164 sp=0x000000ae51bfb950
Event: 11.207 Thread 0x000002194375afb0 DEOPT UNPACKING pc=0x0000021952542b43 sp=0x000000ae51bfae50 mode 1
Event: 11.207 Thread 0x000002194375afb0 DEOPT PACKING pc=0x000002194b3d11fc sp=0x000000ae51bfba20
Event: 11.207 Thread 0x000002194375afb0 DEOPT UNPACKING pc=0x0000021952542b43 sp=0x000000ae51bfaf80 mode 1

Classes unloaded (0 events):
No events

Classes redefined (0 events):
No events

Internal exceptions (20 events):
Event: 7.600 Thread 0x000002194375afb0 Exception <a 'java/lang/NoClassDefFoundError'{0x0000000083627b68}: org/flywaydb/core/Flyway> (0x0000000083627b68) 
thrown [s\open\src\hotspot\share\classfile\systemDictionary.cpp, line 245]
Event: 7.601 Thread 0x000002194375afb0 Exception <a 'java/lang/NoClassDefFoundError'{0x0000000083628f70}: liquibase/integration/spring/SpringLiquibase> (0x0000000083628f70) 
thrown [s\open\src\hotspot\share\classfile\systemDictionary.cpp, line 245]
Event: 7.715 Thread 0x000002194375afb0 Exception <a 'java/lang/NoClassDefFoundError'{0x000000008345f1d8}: org/jooq/DSLContext> (0x000000008345f1d8) 
thrown [s\open\src\hotspot\share\classfile\systemDictionary.cpp, line 245]
Event: 7.719 Thread 0x000002194375afb0 Exception <a 'java/lang/NoClassDefFoundError'{0x000000008346c0c0}: org/springframework/batch/core/repository/JobRepository> (0x000000008346c0c0) 
thrown [s\open\src\hotspot\share\classfile\systemDictionary.cpp, line 245]
Event: 7.721 Thread 0x000002194375afb0 Exception <a 'java/lang/NoClassDefFoundError'{0x000000008346d260}: org/quartz/Scheduler> (0x000000008346d260) 
thrown [s\open\src\hotspot\share\classfile\systemDictionary.cpp, line 245]
Event: 7.721 Thread 0x000002194375afb0 Exception <a 'java/lang/NoClassDefFoundError'{0x000000008346e7d0}: org/springframework/session/jdbc/JdbcIndexedSessionRepository> (0x000000008346e7d0) 
thrown [s\open\src\hotspot\share\classfile\systemDictionary.cpp, line 245]
Event: 8.127 Thread 0x000002194375afb0 Exception <a 'java/lang/NoSuchMethodError'{0x0000000086c9c918}: 'java.lang.Object java.lang.invoke.DirectMethodHandle$Holder.invokeSpecialIFC(java.lang.Object, java.lang.Object, java.lang.Object)'> (0x0000000086c9c918) 
thrown [s\open\src\hotspot\share\interpreter\linkResolver.cpp, line 759]
Event: 8.342 Thread 0x000002194375afb0 Exception <a 'java/lang/NoSuchMethodError'{0x00000000849c3238}: 'void java.lang.invoke.DirectMethodHandle$Holder.invokeInterface(java.lang.Object, java.lang.Object, int)'> (0x00000000849c3238) 
thrown [s\open\src\hotspot\share\interpreter\linkResolver.cpp, line 759]
Event: 8.354 Thread 0x000002194375afb0 Exception <a 'java/lang/IncompatibleClassChangeError'{0x0000000084813808}: Found class java.lang.Object, but interface was expected> (0x0000000084813808) 
thrown [s\open\src\hotspot\share\interpreter\linkResolver.cpp, line 826]
Event: 8.355 Thread 0x000002194375afb0 Exception <a 'java/lang/NoSuchMethodError'{0x00000000848188f0}: 'void java.lang.invoke.DirectMethodHandle$Holder.invokeStatic(java.lang.Object, int, java.lang.Object)'> (0x00000000848188f0) 
thrown [s\open\src\hotspot\share\interpreter\linkResolver.cpp, line 759]
Event: 8.521 Thread 0x000002194375afb0 Exception <a 'java/lang/NoSuchMethodError'{0x0000000084464a50}: 'java.lang.Object java.lang.invoke.DirectMethodHandle$Holder.invokeStaticInit(java.lang.Object, int, int, int, int)'> (0x0000000084464a50) 
thrown [s\open\src\hotspot\share\interpreter\linkResolver.cpp, line 759]
Event: 8.643 Thread 0x000002194375afb0 Exception <a 'java/lang/NoSuchMethodError'{0x0000000084350750}: 'java.lang.Object java.lang.invoke.DirectMethodHandle$Holder.invokeStaticInit(java.lang.Object, java.lang.Object, int, int, int, int)'> (0x0000000084350750) 
thrown [s\open\src\hotspot\share\interpreter\linkResolver.cpp, line 759]
Event: 9.139 Thread 0x000002194375afb0 Exception <a 'java/lang/NoSuchMethodError'{0x0000000089f35e60}: 'java.lang.Object java.lang.invoke.DirectMethodHandle$Holder.invokeSpecial(java.lang.Object, java.lang.Object, long, java.lang.Object, java.lang.Object, java.lang.Object, java.lang.Object, java.lang.Object, java.lang.Object)'> (0x0000000089f35e60) 
thrown [s\open\src\hotspot\share\interpreter\linkResolver.cpp, line 759]
Event: 9.140 Thread 0x000002194375afb0 Exception <a 'java/lang/NoSuchMethodError'{0x0000000089f3a988}: 'java.lang.Object java.lang.invoke.DelegatingMethodHandle$Holder.reinvoke_L(java.lang.Object, long, java.lang.Object, java.lang.Object, java.lang.Object, java.lang.Object, java.lang.Object, java.lang.Object)'> (0x0000000089f3a988) 
thrown [s\open\src\hotspot\share\interpreter\linkResolver.cpp, line 759]
Event: 9.152 Thread 0x000002194375afb0 Exception <a 'java/lang/NoSuchMethodError'{0x0000000089f47388}: 'java.lang.Object java.lang.invoke.Invokers$Holder.linkToTargetMethod(java.lang.Object, java.lang.Object, java.lang.Object, java.lang.Object, java.lang.Object, java.lang.Object, java.lang.Object)'> (0x0000000089f47388) 
thrown [s\open\src\hotspot\share\interpreter\linkResolver.cpp, line 759]
Event: 9.252 Thread 0x000002194375afb0 Implicit null exception at 0x0000021952b31da0 to 0x0000021952b354f4
Event: 9.449 Thread 0x000002194375afb0 Exception <a 'java/io/FileNotFoundException'{0x0000000086c62c98}> (0x0000000086c62c98) 
thrown [s\open\src\hotspot\share\prims\jni.cpp, line 516]
Event: 9.538 Thread 0x000002194375afb0 Exception <a 'java/lang/NoSuchMethodError'{0x0000000086a12ea8}: 'int java.lang.invoke.DirectMethodHandle$Holder.invokeInterface(java.lang.Object, java.lang.Object, java.lang.Object, java.lang.Object)'> (0x0000000086a12ea8) 
thrown [s\open\src\hotspot\share\interpreter\linkResolver.cpp, line 759]
Event: 9.675 Thread 0x000002194375afb0 Exception <a 'java/lang/NoSuchMethodError'{0x0000000084937e88}: 'long java.lang.invoke.DirectMethodHandle$Holder.invokeVirtual(java.lang.Object, java.lang.Object)'> (0x0000000084937e88) 
thrown [s\open\src\hotspot\share\interpreter\linkResolver.cpp, line 759]
Event: 10.293 Thread 0x000002194375afb0 Implicit null exception at 0x0000021952c1238b to 0x0000021952c1261c

VM Operations (20 events):
Event: 9.790 Executing VM operation: HandshakeAllThreads
Event: 9.790 Executing VM operation: HandshakeAllThreads done
Event: 9.869 Executing VM operation: HandshakeAllThreads
Event: 9.869 Executing VM operation: HandshakeAllThreads done
Event: 9.869 Executing VM operation: HandshakeAllThreads
Event: 9.869 Executing VM operation: HandshakeAllThreads done
Event: 10.128 Executing VM operation: ICBufferFull
Event: 10.128 Executing VM operation: ICBufferFull done
Event: 10.183 Executing VM operation: HandshakeAllThreads
Event: 10.183 Executing VM operation: HandshakeAllThreads done
Event: 10.218 Executing VM operation: G1CollectForAllocation
Event: 10.223 Executing VM operation: G1CollectForAllocation done
Event: 10.887 Executing VM operation: HandshakeAllThreads
Event: 10.888 Executing VM operation: HandshakeAllThreads done
Event: 11.354 Executing VM operation: CollectForMetadataAllocation
Event: 11.359 Executing VM operation: CollectForMetadataAllocation done
Event: 11.390 Executing VM operation: G1Concurrent
Event: 11.395 Executing VM operation: G1Concurrent done
Event: 11.409 Executing VM operation: G1Concurrent
Event: 11.409 Executing VM operation: G1Concurrent done

Events (20 events):
Event: 9.936 loading class java/util/Base64
Event: 9.938 loading class java/util/Base64 done
Event: 9.938 loading class java/util/Base64$Decoder
Event: 9.941 loading class java/util/Base64$Decoder done
Event: 9.941 loading class java/util/Base64$Encoder
Event: 9.942 loading class java/util/Base64$Encoder done
Event: 9.943 loading class java/util/jar/JarVerifier$VerifierStream
Event: 9.944 loading class java/util/jar/JarVerifier$VerifierStream done
Event: 9.944 loading class sun/security/util/ManifestEntryVerifier$SunProviderHolder
Event: 9.945 loading class sun/security/util/ManifestEntryVerifier$SunProviderHolder done
Event: 10.000 loading class java/util/ResourceBundle$Control$1
Event: 10.000 loading class java/util/ResourceBundle$Control$1 done
Event: 10.253 loading class javax/naming/Referenceable
Event: 10.253 loading class javax/naming/Referenceable done
Event: 10.413 loading class java/lang/instrument/ClassFileTransformer
Event: 10.413 loading class java/lang/instrument/ClassFileTransformer done
Event: 11.051 loading class java/lang/Process
Event: 11.052 loading class java/lang/Process done
Event: 11.092 loading class java/lang/reflect/GenericSignatureFormatError
Event: 11.093 loading class java/lang/reflect/GenericSignatureFormatError done


Dynamic libraries:
0x00007ff640e70000 - 0x00007ff640e80000 	C:\Program Files\OpenJDK\jdk-17.0.6\bin\java.exe
0x00007ffbeab50000 - 0x00007ffbead64000 	C:\WINDOWS\SYSTEM32\ntdll.dll
0x00007ffbea200000 - 0x00007ffbea2c3000 	C:\WINDOWS\System32\KERNEL32.DLL
0x00007ffbe8380000 - 0x00007ffbe871c000 	C:\WINDOWS\System32\KERNELBASE.dll
0x00007ffbe5140000 - 0x00007ffbe51d7000 	C:\WINDOWS\SYSTEM32\apphelp.dll
0x00007ffbe8080000 - 0x00007ffbe8191000 	C:\WINDOWS\System32\ucrtbase.dll
0x00007ffbd6ed0000 - 0x00007ffbd6ee8000 	C:\Program Files\OpenJDK\jdk-17.0.6\bin\jli.dll
0x00007ffbe9bc0000 - 0x00007ffbe9c6e000 	C:\WINDOWS\System32\ADVAPI32.dll
0x00007ffbe9cf0000 - 0x00007ffbe9d97000 	C:\WINDOWS\System32\msvcrt.dll
0x00007ffbea5c0000 - 0x00007ffbea664000 	C:\WINDOWS\System32\sechost.dll
0x00007ffbd5bc0000 - 0x00007ffbd5bdb000 	C:\Program Files\OpenJDK\jdk-17.0.6\bin\VCRUNTIME140.dll
0x00007ffbea2d0000 - 0x00007ffbea3e5000 	C:\WINDOWS\System32\RPCRT4.dll
0x00007ffbea410000 - 0x00007ffbea5bd000 	C:\WINDOWS\System32\USER32.dll
0x00007ffbd4880000 - 0x00007ffbd4b0e000 	C:\WINDOWS\WinSxS\amd64_microsoft.windows.common-controls_6595b64144ccf1df_6.0.22621.608_none_a9444ca7c10bb01d\COMCTL32.dll
0x00007ffbe8050000 - 0x00007ffbe8076000 	C:\WINDOWS\System32\win32u.dll
0x00007ffbe99a0000 - 0x00007ffbe99c9000 	C:\WINDOWS\System32\GDI32.dll
0x00007ffbe81a0000 - 0x00007ffbe82b3000 	C:\WINDOWS\System32\gdi32full.dll
0x00007ffbe8720000 - 0x00007ffbe87ba000 	C:\WINDOWS\System32\msvcp_win.dll
0x00007ffbd9e80000 - 0x00007ffbd9e8a000 	C:\WINDOWS\SYSTEM32\VERSION.dll
0x00007ffbea940000 - 0x00007ffbea971000 	C:\WINDOWS\System32\IMM32.DLL
0x00007ffbe2d10000 - 0x00007ffbe2d1c000 	C:\Program Files\OpenJDK\jdk-17.0.6\bin\vcruntime140_1.dll
0x00007ffbaebb0000 - 0x00007ffbaec3e000 	C:\Program Files\OpenJDK\jdk-17.0.6\bin\msvcp140.dll
0x00007ffb9b980000 - 0x00007ffb9c557000 	C:\Program Files\OpenJDK\jdk-17.0.6\bin\server\jvm.dll
0x00007ffbea790000 - 0x00007ffbea798000 	C:\WINDOWS\System32\PSAPI.DLL
0x00007ffbdf0a0000 - 0x00007ffbdf0d4000 	C:\WINDOWS\SYSTEM32\WINMM.dll
0x00007ffbd3030000 - 0x00007ffbd3039000 	C:\WINDOWS\SYSTEM32\WSOCK32.dll
0x00007ffbe9c70000 - 0x00007ffbe9ce1000 	C:\WINDOWS\System32\WS2_32.dll
0x00007ffbe6fe0000 - 0x00007ffbe6ff8000 	C:\WINDOWS\SYSTEM32\kernel.appcore.dll
0x00007ffbde580000 - 0x00007ffbde58a000 	C:\Program Files\OpenJDK\jdk-17.0.6\bin\jimage.dll
0x00007ffbe30e0000 - 0x00007ffbe330e000 	C:\WINDOWS\SYSTEM32\DBGHELP.DLL
0x00007ffbe9e70000 - 0x00007ffbea1f9000 	C:\WINDOWS\System32\combase.dll
0x00007ffbe9a70000 - 0x00007ffbe9b47000 	C:\WINDOWS\System32\OLEAUT32.dll
0x00007ffbd6bc0000 - 0x00007ffbd6bf2000 	C:\WINDOWS\SYSTEM32\dbgcore.DLL
0x00007ffbe7f60000 - 0x00007ffbe7fdb000 	C:\WINDOWS\System32\bcryptPrimitives.dll
0x00007ffbc6990000 - 0x00007ffbc69cb000 	C:\Program Files\OpenJDK\jdk-17.0.6\bin\jdwp.dll
0x00007ffbd53b0000 - 0x00007ffbd53d5000 	C:\Program Files\OpenJDK\jdk-17.0.6\bin\java.dll
0x00007ffba25d0000 - 0x00007ffba26a7000 	C:\Program Files\OpenJDK\jdk-17.0.6\bin\jsvml.dll
0x00007ffbe8990000 - 0x00007ffbe9180000 	C:\WINDOWS\System32\SHELL32.dll
0x00007ffbe5f20000 - 0x00007ffbe67ee000 	C:\WINDOWS\SYSTEM32\windows.storage.dll
0x00007ffbe5de0000 - 0x00007ffbe5f1e000 	C:\WINDOWS\SYSTEM32\wintypes.dll
0x00007ffbe9180000 - 0x00007ffbe9271000 	C:\WINDOWS\System32\SHCORE.dll
0x00007ffbe9280000 - 0x00007ffbe92de000 	C:\WINDOWS\System32\shlwapi.dll
0x00007ffbe7e90000 - 0x00007ffbe7eb1000 	C:\WINDOWS\SYSTEM32\profapi.dll
0x00007ffbdf9c0000 - 0x00007ffbdf9cc000 	C:\Program Files\OpenJDK\jdk-17.0.6\bin\dt_socket.dll
0x00007ffbe6a40000 - 0x00007ffbe6a6d000 	C:\WINDOWS\SYSTEM32\IPHLPAPI.DLL
0x00007ffbe74c0000 - 0x00007ffbe7529000 	C:\WINDOWS\system32\mswsock.dll
0x00007ffbe6ab0000 - 0x00007ffbe6ba3000 	C:\WINDOWS\SYSTEM32\DNSAPI.dll
0x00007ffbe9da0000 - 0x00007ffbe9da9000 	C:\WINDOWS\System32\NSI.dll
0x00007ffbd90c0000 - 0x00007ffbd90ca000 	C:\Windows\System32\rasadhlp.dll
0x00007ffbd9be0000 - 0x00007ffbd9c63000 	C:\WINDOWS\System32\fwpuclnt.dll
0x00007ffbd5190000 - 0x00007ffbd51a9000 	C:\Program Files\OpenJDK\jdk-17.0.6\bin\net.dll
0x00007ffbe07b0000 - 0x00007ffbe08df000 	C:\WINDOWS\SYSTEM32\WINHTTP.dll
0x00007ffbd3a70000 - 0x00007ffbd3a86000 	C:\Program Files\OpenJDK\jdk-17.0.6\bin\nio.dll
0x00007ffbd5ba0000 - 0x00007ffbd5bb8000 	C:\Program Files\OpenJDK\jdk-17.0.6\bin\zip.dll
0x00007ffbd8c80000 - 0x00007ffbd8c90000 	C:\Program Files\OpenJDK\jdk-17.0.6\bin\verify.dll
0x00007ffbe77e0000 - 0x00007ffbe77fb000 	C:\WINDOWS\SYSTEM32\CRYPTSP.dll
0x00007ffbe6f50000 - 0x00007ffbe6f85000 	C:\WINDOWS\system32\rsaenh.dll
0x00007ffbe7560000 - 0x00007ffbe7588000 	C:\WINDOWS\SYSTEM32\USERENV.dll
0x00007ffbe7910000 - 0x00007ffbe7938000 	C:\WINDOWS\SYSTEM32\bcrypt.dll
0x00007ffbe77c0000 - 0x00007ffbe77cc000 	C:\WINDOWS\SYSTEM32\CRYPTBASE.dll
0x00007ffbe0790000 - 0x00007ffbe07a9000 	C:\WINDOWS\SYSTEM32\dhcpcsvc6.DLL
0x00007ffbe0770000 - 0x00007ffbe078f000 	C:\WINDOWS\SYSTEM32\dhcpcsvc.DLL
0x00007ffbe2d40000 - 0x00007ffbe2d4d000 	C:\Program Files\OpenJDK\jdk-17.0.6\bin\sunmscapi.dll
0x00007ffbe87c0000 - 0x00007ffbe8926000 	C:\WINDOWS\System32\CRYPT32.dll
0x00007ffbe78e0000 - 0x00007ffbe790d000 	C:\WINDOWS\SYSTEM32\ncrypt.dll
0x00007ffbe78a0000 - 0x00007ffbe78d7000 	C:\WINDOWS\SYSTEM32\NTASN1.dll
0x00007ffbd9d40000 - 0x00007ffbd9d4a000 	C:\Program Files\OpenJDK\jdk-17.0.6\bin\management.dll
0x00007ffbd7d50000 - 0x00007ffbd7d5b000 	C:\Program Files\OpenJDK\jdk-17.0.6\bin\management_ext.dll

dbghelp: loaded successfully - version: 4.0.5 - missing functions: none
symbol engine: initialized successfully - sym options: 0x614 - pdb path: .;C:\Program Files\OpenJDK\jdk-17.0.6\bin;C:\WINDOWS\SYSTEM32;C:\WINDOWS\WinSxS\amd64_microsoft.windows.common-controls_6595b64144ccf1df_6.0.22621.608_none_a9444ca7c10bb01d;C:\Program Files\OpenJDK\jdk-17.0.6\bin\server

VM Arguments:
jvm_args: -agentlib:jdwp=transport=dt_socket,server=n,suspend=y,address=localhost:64561 -XX:+ShowCodeDetailsInExceptionMessages 
java_command: com.aptech.blog.BlogApplication
java_class_path (initial): D:\springboot\inclass\blog\target\classes;C:\Users\nguyen huu tri\.m2\repository\org\springframework\boot\spring-boot-starter-web\3.0.5\spring-boot-starter-web-3.0.5.jar;C:\Users\nguyen huu tri\.m2\repository\org\springframework\boot\spring-boot-starter\3.0.5\spring-boot-starter-3.0.5.jar;C:\Users\nguyen huu tri\.m2\repository\org\springframework\boot\spring-boot\3.0.5\spring-boot-3.0.5.jar;C:\Users\nguyen huu tri\.m2\repository\org\springframework\boot\spring-boot-autoconfigure\3.0.5\spring-boot-autoconfigure-3.0.5.jar;C:\Users\nguyen huu tri\.m2\repository\org\springframework\boot\spring-boot-starter-logging\3.0.5\spring-boot-starter-logging-3.0.5.jar;C:\Users\nguyen huu tri\.m2\repository\ch\qos\logback\logback-classic\1.4.6\logback-classic-1.4.6.jar;C:\Users\nguyen huu tri\.m2\repository\ch\qos\logback\logback-core\1.4.6\logback-core-1.4.6.jar;C:\Users\nguyen huu tri\.m2\repository\org\apache\logging\log4j\log4j-to-slf4j\2.19.0\log4j-to-slf4j-2.19.0.jar;C:\Users\nguyen huu tri\.m2\repository\org\apache\logging\log4j\log4j-api\2.19.0\log4j-api-2.19.0.jar;C:\Users\nguyen huu tri\.m2\repository\org\slf4j\jul-to-slf4j\2.0.7\jul-to-slf4j-2.0.7.jar;C:\Users\nguyen huu tri\.m2\repository\jakarta\annotation\jakarta.annotation-api\2.1.1\jakarta.annotation-api-2.1.1.jar;C:\Users\nguyen huu tri\.m2\repository\org\yaml\snakeyaml\1.33\snakeyaml-1.33.jar;C:\Users\nguyen huu tri\.m2\repository\org\springframework\boot\spring-boot-starter-json\3.0.5\spring-boot-starter-json-3.0.5.jar;C:\Users\nguyen huu tri\.m2\repository\com\fasterxml\jackson\core\jackson-databind\2.14.2\jackson-databind-2.14.2.jar;C:\Users\nguyen huu tri\.m2\repository\com\fasterxml\jackson\core\jackson-annotations\2.14.2\jackson-annotations-2.14.2.jar;C:\Users\nguyen huu tri\.m2\repository\com\fasterxml\jackson\core\jackson-core\2.14.2\jackson-core-2.14.2.jar;C:\Users\nguyen huu tri\.m2\repository\com\fasterxml\jackson\datatype\jackson-datatype-jdk8\2.14.2\jackson-datatype-jdk8-2
Launcher Type: SUN_STANDARD

[Global flags]
     intx CICompilerCount                          = 4                                         {product} {ergonomic}
     uint ConcGCThreads                            = 2                                         {product} {ergonomic}
     uint G1ConcRefinementThreads                  = 8                                         {product} {ergonomic}
   size_t G1HeapRegionSize                         = 1048576                                   {product} {ergonomic}
    uintx GCDrainStackTargetSize                   = 64                                        {product} {ergonomic}
   size_t InitialHeapSize                          = 132120576                                 {product} {ergonomic}
   size_t MarkStackSize                            = 4194304                                   {product} {ergonomic}
   size_t MaxHeapSize                              = 2111832064                                {product} {ergonomic}
   size_t MaxNewSize                               = 1266679808                                {product} {ergonomic}
   size_t MinHeapDeltaBytes                        = 1048576                                   {product} {ergonomic}
   size_t MinHeapSize                              = 8388608                                   {product} {ergonomic}
    uintx NonNMethodCodeHeapSize                   = 5839372                                {pd product} {ergonomic}
    uintx NonProfiledCodeHeapSize                  = 122909434                              {pd product} {ergonomic}
    uintx ProfiledCodeHeapSize                     = 122909434                              {pd product} {ergonomic}
    uintx ReservedCodeCacheSize                    = 251658240                              {pd product} {ergonomic}
     bool SegmentedCodeCache                       = true                                      {product} {ergonomic}
     bool ShowCodeDetailsInExceptionMessages       = true                                   {manageable} {command line}
   size_t SoftMaxHeapSize                          = 2111832064                             {manageable} {ergonomic}
     bool UseCompressedClassPointers               = true                           {product lp64_product} {ergonomic}
     bool UseCompressedOops                        = true                           {product lp64_product} {ergonomic}
     bool UseG1GC                                  = true                                      {product} {ergonomic}
     bool UseLargePagesIndividualAllocation        = false                                  {pd product} {ergonomic}

Logging:
Log output configuration:
 #0: stdout all=warning uptime,level,tags
 #1: stderr all=off uptime,level,tags

Environment Variables:
JAVA_HOME=C:\Program Files\OpenJDK\jdk-17.0.6
PATH=C:\Users\nguyen huu tri\bin;C:\Program Files\Git\mingw64\bin;C:\Program Files\Git\usr\local\bin;C:\Program Files\Git\usr\bin;C:\Program Files\Git\usr\bin;C:\Program Files\Git\mingw64\bin;C:\Program Files\Git\usr\bin;C:\Users\nguyen huu tri\bin;C:\Program Files\Microsoft MPI\Bin;C:\Python310\Scripts;C:\Python310;C:\Python38\Scripts;C:\Python38;C:\WINDOWS\system32;C:\WINDOWS;C:\WINDOWS\System32\Wbem;C:\WINDOWS\System32\WindowsPowerShell\v1.0;C:\WINDOWS\System32\OpenSSH;C:\ProgramData\chocolatey\bin;C:\Program Files (x86)\Yarn\bin;C:\Program Files\dotnet;C:\Program Files\Microsoft SQL Server\130\Tools\Binn;C:\Program Files\Microsoft SQL Server\Client SDK\ODBC\170\Tools\Binn;C:\Program Files (x86)\Microsoft SQL Server\150\Tools\Binn;C:\Program Files\Microsoft SQL Server\150\Tools\Binn;C:\Program Files (x86)\Microsoft SQL Server\150\DTS\Binn;C:\Program Files\Microsoft SQL Server\150\DTS\Binn;C:\Program Files\Azure Data Studio\bin;C:\Program Files (x86)\dotnet;C:\Program Files\Go\bin;C:\Program Files\Docker\Docker\resources\bin;C:\ProgramData\DockerDesktop\version-bin;C:\Users\nguyen huu tri\AppData\Roaming\nvm;C:\Program Files\nodejs;C:\Program Files\Microsoft\Web Platform Installer;D:\apache-maven-3.8.6\bin;C:\Program Files\OpenJDK\jdk-17.0.6\bin;C:\Program Files\Git\cmd;C:\Users\nguyen huu tri\AppData\Local\Microsoft\WindowsApps;C:\Users\nguyen huu tri\AppData\Local\Programs\Microsoft VS Code\bin;C:\Users\nguyen huu tri\AppData\Local\Yarn\bin;C:\Users\nguyen huu tri\.dotnet\tools;C:\Program Files\Azure Data Studio\bin;C:\Users\nguyen huu tri\go\bin;C:\Users\nguyen huu tri\AppData\Roaming\nvm;C:\Program Files\nodejs;C:\Users\nguyen huu tri\AppData\Local\JetBrains\Toolbox\scripts;C:\Program Files\Git\usr\bin\vendor_perl;C:\Program Files\Git\usr\bin\core_perl
USERNAME=nguyen huu tri
SHELL=C:\Program Files\Git\usr\bin\bash.exe
DISPLAY=needs-to-be-defined
LANG=en_US.UTF-8
OS=Windows_NT
PROCESSOR_IDENTIFIER=Intel64 Family 6 Model 142 Stepping 10, GenuineIntel



---------------  S Y S T E M  ---------------

OS:
 Windows 11 , 64 bit Build 22621 (10.0.22621.1344)
OS uptime: 20 days 2:07 hours
Hyper-V role detected

CPU: total 8 (initial active 8) (4 cores per cpu, 2 threads per core) family 6 model 142 stepping 10 microcode 0xe0, cx8, cmov, fxsr, ht, mmx, 3dnowpref, sse, sse2, sse3, ssse3, sse4.1, sse4.2, popcnt, lzcnt, tsc, tscinvbit, avx, avx2, aes, erms, clmul, bmi1, bmi2, adx, fma, vzeroupper, clflush, clflushopt, hv

Memory: 4k page, system-wide physical 8052M (299M free)
TotalPageFile size 32628M (AvailPageFile size 19M)
current process WorkingSet (physical memory assigned to process): 220M, peak: 229M
current process commit charge ("private bytes"): 258M, peak: 296M

vm_info: Java HotSpot(TM) 64-Bit Server VM (17.0.6+9-LTS-190) for windows-amd64 JRE (17.0.6+9-LTS-190), built on Dec  6 2022 15:53:54 by "mach5one" with MS VC++ 17.1 (VS2022)

END.
